Command line invocation:
    /Applications/Xcode.app/Contents/Developer/usr/bin/xcodebuild -project "WonderWhisper Mac.xcodeproj" -scheme "WonderWhisper Mac" -configuration Debug build

Resolve Package Graph


Resolved source packages:
  FluidAudio: https://github.com/FluidInference/FluidAudio @ 0.6.1

2025-10-13 17:23:24.904 xcodebuild[17335:18616328] [MT] IDERunDestination: Supported platforms for the buildables in the current scheme is empty.
--- xcodebuild: WARNING: Using the first of multiple matching destinations:
{ platform:macOS, arch:arm64, id:00006040-001E50840100801C, name:My Mac }
{ platform:macOS, arch:x86_64, id:00006040-001E50840100801C, name:My Mac }
{ platform:macOS, name:Any Mac }
ComputePackagePrebuildTargetDependencyGraph

Prepare packages

CreateBuildRequest

SendProjectDescription

CreateBuildOperation

ComputeTargetDependencyGraph
note: Building targets in dependency order
note: Target dependency graph (3 targets)
    Target 'WonderWhisper Mac' in project 'WonderWhisper Mac'
        ➜ Explicit dependency on target 'FluidAudio' in project 'FluidAudio'
    Target 'FluidAudio' in project 'FluidAudio'
        ➜ Explicit dependency on target 'FluidAudio' in project 'FluidAudio'
    Target 'FluidAudio' in project 'FluidAudio' (no dependencies)

GatherProvisioningInputs

CreateBuildDescription

ExecuteExternalTool /Applications/Xcode.app/Contents/Developer/Toolchains/XcodeDefault.xctoolchain/usr/bin/clang -v -E -dM -isysroot /Applications/Xcode.app/Contents/Developer/Platforms/MacOSX.platform/Developer/SDKs/MacOSX26.0.sdk -x c -c /dev/null

ExecuteExternalTool /Applications/Xcode.app/Contents/Developer/Toolchains/XcodeDefault.xctoolchain/usr/bin/swiftc --version

ExecuteExternalTool /Applications/Xcode.app/Contents/Developer/usr/bin/actool --version --output-format xml1

ExecuteExternalTool /Applications/Xcode.app/Contents/Developer/Toolchains/XcodeDefault.xctoolchain/usr/bin/ld -version_details

Build description signature: 40d6c8aa2e7f9d34bfb85c51b4c461a2
Build description path: /Users/danekapoor/Library/Developer/Xcode/DerivedData/WonderWhisper_Mac-fbedzewqdccmijhafdzjzmzuzdor/Build/Intermediates.noindex/XCBuildData/40d6c8aa2e7f9d34bfb85c51b4c461a2.xcbuilddata
ClangStatCache /Applications/Xcode.app/Contents/Developer/Toolchains/XcodeDefault.xctoolchain/usr/bin/clang-stat-cache /Applications/Xcode.app/Contents/Developer/Platforms/MacOSX.platform/Developer/SDKs/MacOSX26.0.sdk /Users/danekapoor/Library/Developer/Xcode/DerivedData/SDKStatCaches.noindex/macosx26.0-25A352-3885c01c3e6b6a337905948deab2002e28806144b0707e398aac92880fa50324.sdkstatcache
    cd /Users/danekapoor/Development/WonderWhisper\ Mac/WonderWhisper\ Mac/WonderWhisper\ Mac.xcodeproj
    /Applications/Xcode.app/Contents/Developer/Toolchains/XcodeDefault.xctoolchain/usr/bin/clang-stat-cache /Applications/Xcode.app/Contents/Developer/Platforms/MacOSX.platform/Developer/SDKs/MacOSX26.0.sdk -o /Users/danekapoor/Library/Developer/Xcode/DerivedData/SDKStatCaches.noindex/macosx26.0-25A352-3885c01c3e6b6a337905948deab2002e28806144b0707e398aac92880fa50324.sdkstatcache

ProcessProductPackaging /Users/danekapoor/Development/WonderWhisper\ Mac/WonderWhisper\ Mac/WonderWhisper\ Mac/WonderWhisper_Mac.entitlements /Users/danekapoor/Library/Developer/Xcode/DerivedData/WonderWhisper_Mac-fbedzewqdccmijhafdzjzmzuzdor/Build/Intermediates.noindex/WonderWhisper\ Mac.build/Debug/WonderWhisper\ Mac.build/WonderWhisper\ Mac.app.xcent (in target 'WonderWhisper Mac' from project 'WonderWhisper Mac')
    cd /Users/danekapoor/Development/WonderWhisper\ Mac/WonderWhisper\ Mac
    
    Entitlements:
    
    {
    "com.apple.security.app-sandbox" = 1;
    "com.apple.security.automation.apple-events" = 1;
    "com.apple.security.device.audio-input" = 1;
    "com.apple.security.files.user-selected.read-only" = 1;
    "com.apple.security.get-task-allow" = 1;
    "com.apple.security.network.client" = 1;
}
    
    builtin-productPackagingUtility /Users/danekapoor/Development/WonderWhisper\ Mac/WonderWhisper\ Mac/WonderWhisper\ Mac/WonderWhisper_Mac.entitlements -entitlements -format xml -o /Users/danekapoor/Library/Developer/Xcode/DerivedData/WonderWhisper_Mac-fbedzewqdccmijhafdzjzmzuzdor/Build/Intermediates.noindex/WonderWhisper\ Mac.build/Debug/WonderWhisper\ Mac.build/WonderWhisper\ Mac.app.xcent

Ld /Users/danekapoor/Library/Developer/Xcode/DerivedData/WonderWhisper_Mac-fbedzewqdccmijhafdzjzmzuzdor/Build/Products/Debug/FluidAudio.o normal (in target 'FluidAudio' from project 'FluidAudio')
    cd /Users/danekapoor/Library/Developer/Xcode/DerivedData/WonderWhisper_Mac-fbedzewqdccmijhafdzjzmzuzdor/SourcePackages/checkouts/FluidAudio
    /Applications/Xcode.app/Contents/Developer/Toolchains/XcodeDefault.xctoolchain/usr/bin/clang -Xlinker -reproducible -target arm64-apple-macos13.0 -r -isysroot /Applications/Xcode.app/Contents/Developer/Platforms/MacOSX.platform/Developer/SDKs/MacOSX26.0.sdk -O0 -w -L/Users/danekapoor/Library/Developer/Xcode/DerivedData/WonderWhisper_Mac-fbedzewqdccmijhafdzjzmzuzdor/Build/Intermediates.noindex/EagerLinkingTBDs/Debug -L/Users/danekapoor/Library/Developer/Xcode/DerivedData/WonderWhisper_Mac-fbedzewqdccmijhafdzjzmzuzdor/Build/Products/Debug -L/Applications/Xcode.app/Contents/Developer/Platforms/MacOSX.platform/Developer/usr/lib -F/Users/danekapoor/Library/Developer/Xcode/DerivedData/WonderWhisper_Mac-fbedzewqdccmijhafdzjzmzuzdor/Build/Intermediates.noindex/EagerLinkingTBDs/Debug -F/Users/danekapoor/Library/Developer/Xcode/DerivedData/WonderWhisper_Mac-fbedzewqdccmijhafdzjzmzuzdor/Build/Products/Debug -iframework /Applications/Xcode.app/Contents/Developer/Platforms/MacOSX.platform/Developer/Library/Frameworks -filelist /Users/danekapoor/Library/Developer/Xcode/DerivedData/WonderWhisper_Mac-fbedzewqdccmijhafdzjzmzuzdor/Build/Intermediates.noindex/FluidAudio.build/Debug/FluidAudio.build/Objects-normal/arm64/FluidAudio.LinkFileList -nostdlib -Xlinker -object_path_lto -Xlinker /Users/danekapoor/Library/Developer/Xcode/DerivedData/WonderWhisper_Mac-fbedzewqdccmijhafdzjzmzuzdor/Build/Intermediates.noindex/FluidAudio.build/Debug/FluidAudio.build/Objects-normal/arm64/FluidAudio_lto.o -rdynamic -Xlinker -no_deduplicate -Xlinker -debug_variant -Xlinker -dependency_info -Xlinker /Users/danekapoor/Library/Developer/Xcode/DerivedData/WonderWhisper_Mac-fbedzewqdccmijhafdzjzmzuzdor/Build/Intermediates.noindex/FluidAudio.build/Debug/FluidAudio.build/Objects-normal/arm64/FluidAudio_dependency_info.dat -fobjc-link-runtime -L/Applications/Xcode.app/Contents/Developer/Toolchains/XcodeDefault.xctoolchain/usr/lib/swift/macosx -L/usr/lib/swift -Xlinker -add_ast_path -Xlinker /Users/danekapoor/Library/Developer/Xcode/DerivedData/WonderWhisper_Mac-fbedzewqdccmijhafdzjzmzuzdor/Build/Intermediates.noindex/FluidAudio.build/Debug/FluidAudio.build/Objects-normal/arm64/FluidAudio.swiftmodule @/Users/danekapoor/Library/Developer/Xcode/DerivedData/WonderWhisper_Mac-fbedzewqdccmijhafdzjzmzuzdor/Build/Intermediates.noindex/FluidAudio.build/Debug/FluidAudio.build/Objects-normal/arm64/FluidAudio-linker-args.resp -o /Users/danekapoor/Library/Developer/Xcode/DerivedData/WonderWhisper_Mac-fbedzewqdccmijhafdzjzmzuzdor/Build/Products/Debug/FluidAudio.o

ProcessProductPackagingDER /Users/danekapoor/Library/Developer/Xcode/DerivedData/WonderWhisper_Mac-fbedzewqdccmijhafdzjzmzuzdor/Build/Intermediates.noindex/WonderWhisper\ Mac.build/Debug/WonderWhisper\ Mac.build/WonderWhisper\ Mac.app.xcent /Users/danekapoor/Library/Developer/Xcode/DerivedData/WonderWhisper_Mac-fbedzewqdccmijhafdzjzmzuzdor/Build/Intermediates.noindex/WonderWhisper\ Mac.build/Debug/WonderWhisper\ Mac.build/WonderWhisper\ Mac.app.xcent.der (in target 'WonderWhisper Mac' from project 'WonderWhisper Mac')
    cd /Users/danekapoor/Development/WonderWhisper\ Mac/WonderWhisper\ Mac
    /usr/bin/derq query -f xml -i /Users/danekapoor/Library/Developer/Xcode/DerivedData/WonderWhisper_Mac-fbedzewqdccmijhafdzjzmzuzdor/Build/Intermediates.noindex/WonderWhisper\ Mac.build/Debug/WonderWhisper\ Mac.build/WonderWhisper\ Mac.app.xcent -o /Users/danekapoor/Library/Developer/Xcode/DerivedData/WonderWhisper_Mac-fbedzewqdccmijhafdzjzmzuzdor/Build/Intermediates.noindex/WonderWhisper\ Mac.build/Debug/WonderWhisper\ Mac.build/WonderWhisper\ Mac.app.xcent.der --raw

SwiftDriver WonderWhisper\ Mac normal arm64 com.apple.xcode.tools.swift.compiler (in target 'WonderWhisper Mac' from project 'WonderWhisper Mac')
    cd /Users/danekapoor/Development/WonderWhisper\ Mac/WonderWhisper\ Mac
    builtin-SwiftDriver -- /Applications/Xcode.app/Contents/Developer/Toolchains/XcodeDefault.xctoolchain/usr/bin/swiftc -module-name WonderWhisper_Mac -Onone -enforce-exclusivity\=checked @/Users/danekapoor/Library/Developer/Xcode/DerivedData/WonderWhisper_Mac-fbedzewqdccmijhafdzjzmzuzdor/Build/Intermediates.noindex/WonderWhisper\ Mac.build/Debug/WonderWhisper\ Mac.build/Objects-normal/arm64/WonderWhisper\ Mac.SwiftFileList -DDEBUG -DDEBUG -DENABLE_NATIVE_SPEECH_ANALYZER -enable-bare-slash-regex -enable-experimental-feature DebugDescriptionMacro -sdk /Applications/Xcode.app/Contents/Developer/Platforms/MacOSX.platform/Developer/SDKs/MacOSX26.0.sdk -target arm64-apple-macos15.5 -g -module-cache-path /Users/danekapoor/Library/Developer/Xcode/DerivedData/ModuleCache.noindex -Xfrontend -serialize-debugging-options -profile-coverage-mapping -profile-generate -enable-testing -index-store-path /Users/danekapoor/Library/Developer/Xcode/DerivedData/WonderWhisper_Mac-fbedzewqdccmijhafdzjzmzuzdor/Index.noindex/DataStore -Xcc -D_LIBCPP_HARDENING_MODE\=_LIBCPP_HARDENING_MODE_DEBUG -swift-version 5 -I /Users/danekapoor/Library/Developer/Xcode/DerivedData/WonderWhisper_Mac-fbedzewqdccmijhafdzjzmzuzdor/Build/Products/Debug -F /Users/danekapoor/Library/Developer/Xcode/DerivedData/WonderWhisper_Mac-fbedzewqdccmijhafdzjzmzuzdor/Build/Products/Debug/PackageFrameworks -F /Users/danekapoor/Library/Developer/Xcode/DerivedData/WonderWhisper_Mac-fbedzewqdccmijhafdzjzmzuzdor/Build/Products/Debug -emit-localized-strings -emit-localized-strings-path /Users/danekapoor/Library/Developer/Xcode/DerivedData/WonderWhisper_Mac-fbedzewqdccmijhafdzjzmzuzdor/Build/Intermediates.noindex/WonderWhisper\ Mac.build/Debug/WonderWhisper\ Mac.build/Objects-normal/arm64 -c -j12 -enable-batch-mode -incremental -Xcc -ivfsstatcache -Xcc /Users/danekapoor/Library/Developer/Xcode/DerivedData/SDKStatCaches.noindex/macosx26.0-25A352-3885c01c3e6b6a337905948deab2002e28806144b0707e398aac92880fa50324.sdkstatcache -output-file-map /Users/danekapoor/Library/Developer/Xcode/DerivedData/WonderWhisper_Mac-fbedzewqdccmijhafdzjzmzuzdor/Build/Intermediates.noindex/WonderWhisper\ Mac.build/Debug/WonderWhisper\ Mac.build/Objects-normal/arm64/WonderWhisper\ Mac-OutputFileMap.json -use-frontend-parseable-output -save-temps -no-color-diagnostics -explicit-module-build -module-cache-path /Users/danekapoor/Library/Developer/Xcode/DerivedData/WonderWhisper_Mac-fbedzewqdccmijhafdzjzmzuzdor/Build/Intermediates.noindex/SwiftExplicitPrecompiledModules -clang-scanner-module-cache-path /Users/danekapoor/Library/Developer/Xcode/DerivedData/ModuleCache.noindex -sdk-module-cache-path /Users/danekapoor/Library/Developer/Xcode/DerivedData/ModuleCache.noindex -serialize-diagnostics -emit-dependencies -emit-module -emit-module-path /Users/danekapoor/Library/Developer/Xcode/DerivedData/WonderWhisper_Mac-fbedzewqdccmijhafdzjzmzuzdor/Build/Intermediates.noindex/WonderWhisper\ Mac.build/Debug/WonderWhisper\ Mac.build/Objects-normal/arm64/WonderWhisper_Mac.swiftmodule -validate-clang-modules-once -clang-build-session-file /Users/danekapoor/Library/Developer/Xcode/DerivedData/ModuleCache.noindex/Session.modulevalidation -Xcc -I/Users/danekapoor/Library/Developer/Xcode/DerivedData/WonderWhisper_Mac-fbedzewqdccmijhafdzjzmzuzdor/Build/Intermediates.noindex/WonderWhisper\ Mac.build/Debug/WonderWhisper\ Mac.build/swift-overrides.hmap -emit-const-values -Xfrontend -const-gather-protocols-file -Xfrontend /Users/danekapoor/Library/Developer/Xcode/DerivedData/WonderWhisper_Mac-fbedzewqdccmijhafdzjzmzuzdor/Build/Intermediates.noindex/WonderWhisper\ Mac.build/Debug/WonderWhisper\ Mac.build/Objects-normal/arm64/WonderWhisper\ Mac_const_extract_protocols.json -Xcc -iquote -Xcc /Users/danekapoor/Library/Developer/Xcode/DerivedData/WonderWhisper_Mac-fbedzewqdccmijhafdzjzmzuzdor/Build/Intermediates.noindex/WonderWhisper\ Mac.build/Debug/WonderWhisper\ Mac.build/WonderWhisper\ Mac-generated-files.hmap -Xcc -I/Users/danekapoor/Library/Developer/Xcode/DerivedData/WonderWhisper_Mac-fbedzewqdccmijhafdzjzmzuzdor/Build/Intermediates.noindex/WonderWhisper\ Mac.build/Debug/WonderWhisper\ Mac.build/WonderWhisper\ Mac-own-target-headers.hmap -Xcc -I/Users/danekapoor/Library/Developer/Xcode/DerivedData/WonderWhisper_Mac-fbedzewqdccmijhafdzjzmzuzdor/Build/Intermediates.noindex/WonderWhisper\ Mac.build/Debug/WonderWhisper\ Mac.build/WonderWhisper\ Mac-all-non-framework-target-headers.hmap -Xcc -ivfsoverlay -Xcc /Users/danekapoor/Library/Developer/Xcode/DerivedData/WonderWhisper_Mac-fbedzewqdccmijhafdzjzmzuzdor/Build/Intermediates.noindex/WonderWhisper\ Mac.build/Debug/WonderWhisper\ Mac-c7fbf4ac5d35b3345a726ca6ddc7f6cc-VFS/all-product-headers.yaml -Xcc -iquote -Xcc /Users/danekapoor/Library/Developer/Xcode/DerivedData/WonderWhisper_Mac-fbedzewqdccmijhafdzjzmzuzdor/Build/Intermediates.noindex/WonderWhisper\ Mac.build/Debug/WonderWhisper\ Mac.build/WonderWhisper\ Mac-project-headers.hmap -Xcc -I/Users/danekapoor/Library/Developer/Xcode/DerivedData/WonderWhisper_Mac-fbedzewqdccmijhafdzjzmzuzdor/Build/Products/Debug/include -Xcc -I/Users/danekapoor/Library/Developer/Xcode/DerivedData/WonderWhisper_Mac-fbedzewqdccmijhafdzjzmzuzdor/Build/Intermediates.noindex/WonderWhisper\ Mac.build/Debug/WonderWhisper\ Mac.build/DerivedSources-normal/arm64 -Xcc -I/Users/danekapoor/Library/Developer/Xcode/DerivedData/WonderWhisper_Mac-fbedzewqdccmijhafdzjzmzuzdor/Build/Intermediates.noindex/WonderWhisper\ Mac.build/Debug/WonderWhisper\ Mac.build/DerivedSources/arm64 -Xcc -I/Users/danekapoor/Library/Developer/Xcode/DerivedData/WonderWhisper_Mac-fbedzewqdccmijhafdzjzmzuzdor/Build/Intermediates.noindex/WonderWhisper\ Mac.build/Debug/WonderWhisper\ Mac.build/DerivedSources -Xcc -DDEBUG\=1 -emit-objc-header -emit-objc-header-path /Users/danekapoor/Library/Developer/Xcode/DerivedData/WonderWhisper_Mac-fbedzewqdccmijhafdzjzmzuzdor/Build/Intermediates.noindex/WonderWhisper\ Mac.build/Debug/WonderWhisper\ Mac.build/Objects-normal/arm64/WonderWhisper_Mac-Swift.h -working-directory /Users/danekapoor/Development/WonderWhisper\ Mac/WonderWhisper\ Mac -experimental-emit-module-separately -disable-cmo

ExtractAppIntentsMetadata (in target 'FluidAudio' from project 'FluidAudio')
    cd /Users/danekapoor/Library/Developer/Xcode/DerivedData/WonderWhisper_Mac-fbedzewqdccmijhafdzjzmzuzdor/SourcePackages/checkouts/FluidAudio
    /Applications/Xcode.app/Contents/Developer/Toolchains/XcodeDefault.xctoolchain/usr/bin/appintentsmetadataprocessor --toolchain-dir /var/run/com.apple.security.cryptexd/mnt/com.apple.MobileAsset.MetalToolchain-v17.1.324.0.0OKaQV/Metal.xctoolchain --module-name FluidAudio --sdk-root /Applications/Xcode.app/Contents/Developer/Platforms/MacOSX.platform/Developer/SDKs/MacOSX26.0.sdk --xcode-version 17A400 --platform-family macOS --deployment-target 13.0 --bundle-identifier fluidaudio.FluidAudio --output /Users/danekapoor/Library/Developer/Xcode/DerivedData/WonderWhisper_Mac-fbedzewqdccmijhafdzjzmzuzdor/Build/Products/Debug/FluidAudio.appintents --target-triple arm64-apple-macos13.0 --binary-file /Users/danekapoor/Library/Developer/Xcode/DerivedData/WonderWhisper_Mac-fbedzewqdccmijhafdzjzmzuzdor/Build/Products/Debug/FluidAudio.o --dependency-file /Users/danekapoor/Library/Developer/Xcode/DerivedData/WonderWhisper_Mac-fbedzewqdccmijhafdzjzmzuzdor/Build/Intermediates.noindex/FluidAudio.build/Debug/FluidAudio.build/Objects-normal/arm64/FluidAudio_dependency_info.dat --stringsdata-file /Users/danekapoor/Library/Developer/Xcode/DerivedData/WonderWhisper_Mac-fbedzewqdccmijhafdzjzmzuzdor/Build/Intermediates.noindex/FluidAudio.build/Debug/FluidAudio.build/Objects-normal/arm64/ExtractedAppShortcutsMetadata.stringsdata --source-file-list /Users/danekapoor/Library/Developer/Xcode/DerivedData/WonderWhisper_Mac-fbedzewqdccmijhafdzjzmzuzdor/Build/Intermediates.noindex/FluidAudio.build/Debug/FluidAudio.build/Objects-normal/arm64/FluidAudio.SwiftFileList --metadata-file-list /Users/danekapoor/Library/Developer/Xcode/DerivedData/WonderWhisper_Mac-fbedzewqdccmijhafdzjzmzuzdor/Build/Intermediates.noindex/FluidAudio.build/Debug/FluidAudio.build/FluidAudio.DependencyMetadataFileList --static-metadata-file-list /Users/danekapoor/Library/Developer/Xcode/DerivedData/WonderWhisper_Mac-fbedzewqdccmijhafdzjzmzuzdor/Build/Intermediates.noindex/FluidAudio.build/Debug/FluidAudio.build/FluidAudio.DependencyStaticMetadataFileList --swift-const-vals-list /Users/danekapoor/Library/Developer/Xcode/DerivedData/WonderWhisper_Mac-fbedzewqdccmijhafdzjzmzuzdor/Build/Intermediates.noindex/FluidAudio.build/Debug/FluidAudio.build/Objects-normal/arm64/FluidAudio.SwiftConstValuesFileList --force --compile-time-extraction --deployment-aware-processing --validate-assistant-intents --no-app-shortcuts-localization
2025-10-13 17:23:26.224 appintentsmetadataprocessor[17369:18616626] Starting appintentsmetadataprocessor export
2025-10-13 17:23:26.302 appintentsmetadataprocessor[17369:18616626] Extracted no relevant App Intents symbols, skipping writing output

RegisterExecutionPolicyException /Users/danekapoor/Library/Developer/Xcode/DerivedData/WonderWhisper_Mac-fbedzewqdccmijhafdzjzmzuzdor/Build/Products/Debug/FluidAudio.o (in target 'FluidAudio' from project 'FluidAudio')
    cd /Users/danekapoor/Library/Developer/Xcode/DerivedData/WonderWhisper_Mac-fbedzewqdccmijhafdzjzmzuzdor/SourcePackages/checkouts/FluidAudio
    builtin-RegisterExecutionPolicyException /Users/danekapoor/Library/Developer/Xcode/DerivedData/WonderWhisper_Mac-fbedzewqdccmijhafdzjzmzuzdor/Build/Products/Debug/FluidAudio.o

Ld /Users/danekapoor/Library/Developer/Xcode/DerivedData/WonderWhisper_Mac-fbedzewqdccmijhafdzjzmzuzdor/Build/Products/Debug/WonderWhisper\ Mac.app/Contents/MacOS/__preview.dylib normal (in target 'WonderWhisper Mac' from project 'WonderWhisper Mac')
    cd /Users/danekapoor/Development/WonderWhisper\ Mac/WonderWhisper\ Mac
    /Applications/Xcode.app/Contents/Developer/Toolchains/XcodeDefault.xctoolchain/usr/bin/clang -Xlinker -reproducible -target arm64-apple-macos15.5 -dynamiclib -isysroot /Applications/Xcode.app/Contents/Developer/Platforms/MacOSX.platform/Developer/SDKs/MacOSX26.0.sdk -O0 -L/Users/danekapoor/Library/Developer/Xcode/DerivedData/WonderWhisper_Mac-fbedzewqdccmijhafdzjzmzuzdor/Build/Products/Debug -F/Users/danekapoor/Library/Developer/Xcode/DerivedData/WonderWhisper_Mac-fbedzewqdccmijhafdzjzmzuzdor/Build/Products/Debug/PackageFrameworks -F/Users/danekapoor/Library/Developer/Xcode/DerivedData/WonderWhisper_Mac-fbedzewqdccmijhafdzjzmzuzdor/Build/Products/Debug -install_name @rpath/WonderWhisper\ Mac.debug.dylib -rdynamic -Xlinker -no_deduplicate -Xlinker -debug_variant -Xlinker -dependency_info -Xlinker /Users/danekapoor/Library/Developer/Xcode/DerivedData/WonderWhisper_Mac-fbedzewqdccmijhafdzjzmzuzdor/Build/Intermediates.noindex/WonderWhisper\ Mac.build/Debug/WonderWhisper\ Mac.build/Objects-normal/arm64/WonderWhisper\ Mac_dependency_info.dat -Xlinker -no_adhoc_codesign -o /Users/danekapoor/Library/Developer/Xcode/DerivedData/WonderWhisper_Mac-fbedzewqdccmijhafdzjzmzuzdor/Build/Products/Debug/WonderWhisper\ Mac.app/Contents/MacOS/__preview.dylib

ProcessInfoPlistFile /Users/danekapoor/Library/Developer/Xcode/DerivedData/WonderWhisper_Mac-fbedzewqdccmijhafdzjzmzuzdor/Build/Products/Debug/WonderWhisper\ Mac.app/Contents/Info.plist /Users/danekapoor/Library/Developer/Xcode/DerivedData/WonderWhisper_Mac-fbedzewqdccmijhafdzjzmzuzdor/Build/Intermediates.noindex/WonderWhisper\ Mac.build/Debug/WonderWhisper\ Mac.build/empty-WonderWhisper\ Mac.plist (in target 'WonderWhisper Mac' from project 'WonderWhisper Mac')
    cd /Users/danekapoor/Development/WonderWhisper\ Mac/WonderWhisper\ Mac
    builtin-infoPlistUtility /Users/danekapoor/Library/Developer/Xcode/DerivedData/WonderWhisper_Mac-fbedzewqdccmijhafdzjzmzuzdor/Build/Intermediates.noindex/WonderWhisper\ Mac.build/Debug/WonderWhisper\ Mac.build/empty-WonderWhisper\ Mac.plist -producttype com.apple.product-type.application -genpkginfo /Users/danekapoor/Library/Developer/Xcode/DerivedData/WonderWhisper_Mac-fbedzewqdccmijhafdzjzmzuzdor/Build/Products/Debug/WonderWhisper\ Mac.app/Contents/PkgInfo -expandbuildsettings -platform macosx -additionalcontentfile /Users/danekapoor/Library/Developer/Xcode/DerivedData/WonderWhisper_Mac-fbedzewqdccmijhafdzjzmzuzdor/Build/Intermediates.noindex/WonderWhisper\ Mac.build/Debug/WonderWhisper\ Mac.build/assetcatalog_generated_info.plist -o /Users/danekapoor/Library/Developer/Xcode/DerivedData/WonderWhisper_Mac-fbedzewqdccmijhafdzjzmzuzdor/Build/Products/Debug/WonderWhisper\ Mac.app/Contents/Info.plist

SwiftCompile normal arm64 Compiling\ DictationViewModel.swift /Users/danekapoor/Development/WonderWhisper\ Mac/WonderWhisper\ Mac/WonderWhisper\ Mac/DictationViewModel.swift (in target 'WonderWhisper Mac' from project 'WonderWhisper Mac')

SwiftCompile normal arm64 /Users/danekapoor/Development/WonderWhisper\ Mac/WonderWhisper\ Mac/WonderWhisper\ Mac/DictationViewModel.swift (in target 'WonderWhisper Mac' from project 'WonderWhisper Mac')
    cd /Users/danekapoor/Development/WonderWhisper\ Mac/WonderWhisper\ Mac
    
/Users/danekapoor/Development/WonderWhisper Mac/WonderWhisper Mac/WonderWhisper Mac/DictationViewModel.swift:182:13: warning: initialization of immutable value 'persistedVocabSpelling' was never used; consider replacing with assignment to '_' or removing it
        let persistedVocabSpelling = UserDefaults.standard.string(forKey: "vocab.spelling") ?? ""
        ~~~~^~~~~~~~~~~~~~~~~~~~~~
        _
/Users/danekapoor/Development/WonderWhisper Mac/WonderWhisper Mac/WonderWhisper Mac/DictationViewModel.swift:287:33: warning: main actor-isolated property 'isRecording' can not be referenced from a Sendable closure
            let isActive = self.isRecording || self.status == "Transcribing" || self.status == "Processing" || self.status == "Inserting"
                                ^
/Users/danekapoor/Development/WonderWhisper Mac/WonderWhisper Mac/WonderWhisper Mac/DictationViewModel.swift:26:20: note: property declared here
    @Published var isRecording: Bool = false { didSet { updateEscapeMonitor(isRecording: isRecording) } }
                   ^
/Users/danekapoor/Development/WonderWhisper Mac/WonderWhisper Mac/WonderWhisper Mac/DictationViewModel.swift:287:53: warning: main actor-isolated property 'status' can not be referenced from a nonisolated autoclosure
            let isActive = self.isRecording || self.status == "Transcribing" || self.status == "Processing" || self.status == "Inserting"
                                                    ^
/Users/danekapoor/Development/WonderWhisper Mac/WonderWhisper Mac/WonderWhisper Mac/DictationViewModel.swift:25:20: note: property declared here
    @Published var status: String = "Idle"
                   ^
/Users/danekapoor/Development/WonderWhisper Mac/WonderWhisper Mac/WonderWhisper Mac/DictationViewModel.swift:287:86: warning: main actor-isolated property 'status' can not be referenced from a nonisolated autoclosure
            let isActive = self.isRecording || self.status == "Transcribing" || self.status == "Processing" || self.status == "Inserting"
                                                                                     ^
/Users/danekapoor/Development/WonderWhisper Mac/WonderWhisper Mac/WonderWhisper Mac/DictationViewModel.swift:25:20: note: property declared here
    @Published var status: String = "Idle"
                   ^
/Users/danekapoor/Development/WonderWhisper Mac/WonderWhisper Mac/WonderWhisper Mac/DictationViewModel.swift:287:117: warning: main actor-isolated property 'status' can not be referenced from a nonisolated autoclosure
            let isActive = self.isRecording || self.status == "Transcribing" || self.status == "Processing" || self.status == "Inserting"
                                                                                                                    ^
/Users/danekapoor/Development/WonderWhisper Mac/WonderWhisper Mac/WonderWhisper Mac/DictationViewModel.swift:25:20: note: property declared here
    @Published var status: String = "Idle"
                   ^
/Users/danekapoor/Development/WonderWhisper Mac/WonderWhisper Mac/WonderWhisper Mac/DictationViewModel.swift:289:17: warning: main actor-isolated property 'idleSkipCounter' can not be mutated from a Sendable closure
                idleSkipCounter = (idleSkipCounter + 1) % 2 // ~2.5 Hz when idle
                ^
/Users/danekapoor/Development/WonderWhisper Mac/WonderWhisper Mac/WonderWhisper Mac/DictationViewModel.swift:119:17: note: mutation of this property is only permitted within the actor
    private var idleSkipCounter: Int = 0
                ^
/Users/danekapoor/Development/WonderWhisper Mac/WonderWhisper Mac/WonderWhisper Mac/DictationViewModel.swift:289:36: warning: main actor-isolated property 'idleSkipCounter' can not be referenced from a Sendable closure
                idleSkipCounter = (idleSkipCounter + 1) % 2 // ~2.5 Hz when idle
                                   ^
/Users/danekapoor/Development/WonderWhisper Mac/WonderWhisper Mac/WonderWhisper Mac/DictationViewModel.swift:119:17: note: property declared here
    private var idleSkipCounter: Int = 0
                ^
/Users/danekapoor/Development/WonderWhisper Mac/WonderWhisper Mac/WonderWhisper Mac/DictationViewModel.swift:290:20: warning: main actor-isolated property 'idleSkipCounter' can not be referenced from a Sendable closure
                if idleSkipCounter != 0 { return }
                   ^
/Users/danekapoor/Development/WonderWhisper Mac/WonderWhisper Mac/WonderWhisper Mac/DictationViewModel.swift:119:17: note: property declared here
    private var idleSkipCounter: Int = 0
                ^
/Users/danekapoor/Development/WonderWhisper Mac/WonderWhisper Mac/WonderWhisper Mac/DictationViewModel.swift:292:17: warning: main actor-isolated property 'idleSkipCounter' can not be mutated from a Sendable closure
                idleSkipCounter = 0
                ^
/Users/danekapoor/Development/WonderWhisper Mac/WonderWhisper Mac/WonderWhisper Mac/DictationViewModel.swift:119:17: note: mutation of this property is only permitted within the actor
    private var idleSkipCounter: Int = 0
                ^

SwiftEmitModule normal arm64 Emitting\ module\ for\ WonderWhisper_Mac (in target 'WonderWhisper Mac' from project 'WonderWhisper Mac')

EmitSwiftModule normal arm64 (in target 'WonderWhisper Mac' from project 'WonderWhisper Mac')
    cd /Users/danekapoor/Development/WonderWhisper\ Mac/WonderWhisper\ Mac
    
/Users/danekapoor/Development/WonderWhisper Mac/WonderWhisper Mac/WonderWhisper Mac/GroqHTTPClient.swift:96:13: warning: 'httpShouldUsePipelining' was deprecated in macOS 15.4: Only supported in the classic loader, please adopt HTTP/2 and HTTP/3 instead
        cfg.httpShouldUsePipelining = true
            ^
/Users/danekapoor/Development/WonderWhisper Mac/WonderWhisper Mac/WonderWhisper Mac/GroqHTTPClient.swift:113:13: warning: 'httpShouldUsePipelining' was deprecated in macOS 15.4: Only supported in the classic loader, please adopt HTTP/2 and HTTP/3 instead
        cfg.httpShouldUsePipelining = true
            ^
/Users/danekapoor/Development/WonderWhisper Mac/WonderWhisper Mac/WonderWhisper Mac/ClipboardContextMonitor.swift:11:21: warning: cannot access property 'monitorTask' here in nonisolated initializer; this is an error in the Swift 6 language mode
        monitorTask = Task { [weak self] in
        ~~~~~~~~~~~~^~~~~~~~~~~~~~~~~~~~~~~
/Users/danekapoor/Development/WonderWhisper Mac/WonderWhisper Mac/WonderWhisper Mac/ClipboardContextMonitor.swift:11:36: note: after making a copy of 'self', only nonisolated properties of 'self' can be accessed from this init
        monitorTask = Task { [weak self] in
                                   ^~~~

SwiftCompile normal arm64 Compiling\ DictationController.swift /Users/danekapoor/Development/WonderWhisper\ Mac/WonderWhisper\ Mac/WonderWhisper\ Mac/DictationController.swift (in target 'WonderWhisper Mac' from project 'WonderWhisper Mac')

SwiftCompile normal arm64 /Users/danekapoor/Development/WonderWhisper\ Mac/WonderWhisper\ Mac/WonderWhisper\ Mac/DictationController.swift (in target 'WonderWhisper Mac' from project 'WonderWhisper Mac')
    cd /Users/danekapoor/Development/WonderWhisper\ Mac/WonderWhisper\ Mac
    

SwiftCompile normal arm64 Compiling\ ScreenContextService.swift /Users/danekapoor/Development/WonderWhisper\ Mac/WonderWhisper\ Mac/WonderWhisper\ Mac/ScreenContextService.swift (in target 'WonderWhisper Mac' from project 'WonderWhisper Mac')

SwiftCompile normal arm64 /Users/danekapoor/Development/WonderWhisper\ Mac/WonderWhisper\ Mac/WonderWhisper\ Mac/ScreenContextService.swift (in target 'WonderWhisper Mac' from project 'WonderWhisper Mac')
    cd /Users/danekapoor/Development/WonderWhisper\ Mac/WonderWhisper\ Mac
    
/Users/danekapoor/Development/WonderWhisper Mac/WonderWhisper Mac/WonderWhisper Mac/ScreenContextService.swift:130:13: warning: initialization of immutable value 'beforeClear' was never used; consider replacing with assignment to '_' or removing it
        let beforeClear = pb.changeCount
        ~~~~^~~~~~~~~~~
        _

SwiftDriverJobDiscovery normal arm64 Compiling DictationController.swift (in target 'WonderWhisper Mac' from project 'WonderWhisper Mac')

SwiftDriverJobDiscovery normal arm64 Compiling ScreenContextService.swift (in target 'WonderWhisper Mac' from project 'WonderWhisper Mac')

SwiftDriverJobDiscovery normal arm64 Emitting module for WonderWhisper_Mac (in target 'WonderWhisper Mac' from project 'WonderWhisper Mac')

SwiftDriver\ Compilation\ Requirements WonderWhisper\ Mac normal arm64 com.apple.xcode.tools.swift.compiler (in target 'WonderWhisper Mac' from project 'WonderWhisper Mac')
    cd /Users/danekapoor/Development/WonderWhisper\ Mac/WonderWhisper\ Mac
    builtin-Swift-Compilation-Requirements -- /Applications/Xcode.app/Contents/Developer/Toolchains/XcodeDefault.xctoolchain/usr/bin/swiftc -module-name WonderWhisper_Mac -Onone -enforce-exclusivity\=checked @/Users/danekapoor/Library/Developer/Xcode/DerivedData/WonderWhisper_Mac-fbedzewqdccmijhafdzjzmzuzdor/Build/Intermediates.noindex/WonderWhisper\ Mac.build/Debug/WonderWhisper\ Mac.build/Objects-normal/arm64/WonderWhisper\ Mac.SwiftFileList -DDEBUG -DDEBUG -DENABLE_NATIVE_SPEECH_ANALYZER -enable-bare-slash-regex -enable-experimental-feature DebugDescriptionMacro -sdk /Applications/Xcode.app/Contents/Developer/Platforms/MacOSX.platform/Developer/SDKs/MacOSX26.0.sdk -target arm64-apple-macos15.5 -g -module-cache-path /Users/danekapoor/Library/Developer/Xcode/DerivedData/ModuleCache.noindex -Xfrontend -serialize-debugging-options -profile-coverage-mapping -profile-generate -enable-testing -index-store-path /Users/danekapoor/Library/Developer/Xcode/DerivedData/WonderWhisper_Mac-fbedzewqdccmijhafdzjzmzuzdor/Index.noindex/DataStore -Xcc -D_LIBCPP_HARDENING_MODE\=_LIBCPP_HARDENING_MODE_DEBUG -swift-version 5 -I /Users/danekapoor/Library/Developer/Xcode/DerivedData/WonderWhisper_Mac-fbedzewqdccmijhafdzjzmzuzdor/Build/Products/Debug -F /Users/danekapoor/Library/Developer/Xcode/DerivedData/WonderWhisper_Mac-fbedzewqdccmijhafdzjzmzuzdor/Build/Products/Debug/PackageFrameworks -F /Users/danekapoor/Library/Developer/Xcode/DerivedData/WonderWhisper_Mac-fbedzewqdccmijhafdzjzmzuzdor/Build/Products/Debug -emit-localized-strings -emit-localized-strings-path /Users/danekapoor/Library/Developer/Xcode/DerivedData/WonderWhisper_Mac-fbedzewqdccmijhafdzjzmzuzdor/Build/Intermediates.noindex/WonderWhisper\ Mac.build/Debug/WonderWhisper\ Mac.build/Objects-normal/arm64 -c -j12 -enable-batch-mode -incremental -Xcc -ivfsstatcache -Xcc /Users/danekapoor/Library/Developer/Xcode/DerivedData/SDKStatCaches.noindex/macosx26.0-25A352-3885c01c3e6b6a337905948deab2002e28806144b0707e398aac92880fa50324.sdkstatcache -output-file-map /Users/danekapoor/Library/Developer/Xcode/DerivedData/WonderWhisper_Mac-fbedzewqdccmijhafdzjzmzuzdor/Build/Intermediates.noindex/WonderWhisper\ Mac.build/Debug/WonderWhisper\ Mac.build/Objects-normal/arm64/WonderWhisper\ Mac-OutputFileMap.json -use-frontend-parseable-output -save-temps -no-color-diagnostics -explicit-module-build -module-cache-path /Users/danekapoor/Library/Developer/Xcode/DerivedData/WonderWhisper_Mac-fbedzewqdccmijhafdzjzmzuzdor/Build/Intermediates.noindex/SwiftExplicitPrecompiledModules -clang-scanner-module-cache-path /Users/danekapoor/Library/Developer/Xcode/DerivedData/ModuleCache.noindex -sdk-module-cache-path /Users/danekapoor/Library/Developer/Xcode/DerivedData/ModuleCache.noindex -serialize-diagnostics -emit-dependencies -emit-module -emit-module-path /Users/danekapoor/Library/Developer/Xcode/DerivedData/WonderWhisper_Mac-fbedzewqdccmijhafdzjzmzuzdor/Build/Intermediates.noindex/WonderWhisper\ Mac.build/Debug/WonderWhisper\ Mac.build/Objects-normal/arm64/WonderWhisper_Mac.swiftmodule -validate-clang-modules-once -clang-build-session-file /Users/danekapoor/Library/Developer/Xcode/DerivedData/ModuleCache.noindex/Session.modulevalidation -Xcc -I/Users/danekapoor/Library/Developer/Xcode/DerivedData/WonderWhisper_Mac-fbedzewqdccmijhafdzjzmzuzdor/Build/Intermediates.noindex/WonderWhisper\ Mac.build/Debug/WonderWhisper\ Mac.build/swift-overrides.hmap -emit-const-values -Xfrontend -const-gather-protocols-file -Xfrontend /Users/danekapoor/Library/Developer/Xcode/DerivedData/WonderWhisper_Mac-fbedzewqdccmijhafdzjzmzuzdor/Build/Intermediates.noindex/WonderWhisper\ Mac.build/Debug/WonderWhisper\ Mac.build/Objects-normal/arm64/WonderWhisper\ Mac_const_extract_protocols.json -Xcc -iquote -Xcc /Users/danekapoor/Library/Developer/Xcode/DerivedData/WonderWhisper_Mac-fbedzewqdccmijhafdzjzmzuzdor/Build/Intermediates.noindex/WonderWhisper\ Mac.build/Debug/WonderWhisper\ Mac.build/WonderWhisper\ Mac-generated-files.hmap -Xcc -I/Users/danekapoor/Library/Developer/Xcode/DerivedData/WonderWhisper_Mac-fbedzewqdccmijhafdzjzmzuzdor/Build/Intermediates.noindex/WonderWhisper\ Mac.build/Debug/WonderWhisper\ Mac.build/WonderWhisper\ Mac-own-target-headers.hmap -Xcc -I/Users/danekapoor/Library/Developer/Xcode/DerivedData/WonderWhisper_Mac-fbedzewqdccmijhafdzjzmzuzdor/Build/Intermediates.noindex/WonderWhisper\ Mac.build/Debug/WonderWhisper\ Mac.build/WonderWhisper\ Mac-all-non-framework-target-headers.hmap -Xcc -ivfsoverlay -Xcc /Users/danekapoor/Library/Developer/Xcode/DerivedData/WonderWhisper_Mac-fbedzewqdccmijhafdzjzmzuzdor/Build/Intermediates.noindex/WonderWhisper\ Mac.build/Debug/WonderWhisper\ Mac-c7fbf4ac5d35b3345a726ca6ddc7f6cc-VFS/all-product-headers.yaml -Xcc -iquote -Xcc /Users/danekapoor/Library/Developer/Xcode/DerivedData/WonderWhisper_Mac-fbedzewqdccmijhafdzjzmzuzdor/Build/Intermediates.noindex/WonderWhisper\ Mac.build/Debug/WonderWhisper\ Mac.build/WonderWhisper\ Mac-project-headers.hmap -Xcc -I/Users/danekapoor/Library/Developer/Xcode/DerivedData/WonderWhisper_Mac-fbedzewqdccmijhafdzjzmzuzdor/Build/Products/Debug/include -Xcc -I/Users/danekapoor/Library/Developer/Xcode/DerivedData/WonderWhisper_Mac-fbedzewqdccmijhafdzjzmzuzdor/Build/Intermediates.noindex/WonderWhisper\ Mac.build/Debug/WonderWhisper\ Mac.build/DerivedSources-normal/arm64 -Xcc -I/Users/danekapoor/Library/Developer/Xcode/DerivedData/WonderWhisper_Mac-fbedzewqdccmijhafdzjzmzuzdor/Build/Intermediates.noindex/WonderWhisper\ Mac.build/Debug/WonderWhisper\ Mac.build/DerivedSources/arm64 -Xcc -I/Users/danekapoor/Library/Developer/Xcode/DerivedData/WonderWhisper_Mac-fbedzewqdccmijhafdzjzmzuzdor/Build/Intermediates.noindex/WonderWhisper\ Mac.build/Debug/WonderWhisper\ Mac.build/DerivedSources -Xcc -DDEBUG\=1 -emit-objc-header -emit-objc-header-path /Users/danekapoor/Library/Developer/Xcode/DerivedData/WonderWhisper_Mac-fbedzewqdccmijhafdzjzmzuzdor/Build/Intermediates.noindex/WonderWhisper\ Mac.build/Debug/WonderWhisper\ Mac.build/Objects-normal/arm64/WonderWhisper_Mac-Swift.h -working-directory /Users/danekapoor/Development/WonderWhisper\ Mac/WonderWhisper\ Mac -experimental-emit-module-separately -disable-cmo

Copy /Users/danekapoor/Library/Developer/Xcode/DerivedData/WonderWhisper_Mac-fbedzewqdccmijhafdzjzmzuzdor/Build/Products/Debug/WonderWhisper_Mac.swiftmodule/arm64-apple-macos.swiftmodule /Users/danekapoor/Library/Developer/Xcode/DerivedData/WonderWhisper_Mac-fbedzewqdccmijhafdzjzmzuzdor/Build/Intermediates.noindex/WonderWhisper\ Mac.build/Debug/WonderWhisper\ Mac.build/Objects-normal/arm64/WonderWhisper_Mac.swiftmodule (in target 'WonderWhisper Mac' from project 'WonderWhisper Mac')
    cd /Users/danekapoor/Development/WonderWhisper\ Mac/WonderWhisper\ Mac
    builtin-copy -exclude .DS_Store -exclude CVS -exclude .svn -exclude .git -exclude .hg -resolve-src-symlinks -rename /Users/danekapoor/Library/Developer/Xcode/DerivedData/WonderWhisper_Mac-fbedzewqdccmijhafdzjzmzuzdor/Build/Intermediates.noindex/WonderWhisper\ Mac.build/Debug/WonderWhisper\ Mac.build/Objects-normal/arm64/WonderWhisper_Mac.swiftmodule /Users/danekapoor/Library/Developer/Xcode/DerivedData/WonderWhisper_Mac-fbedzewqdccmijhafdzjzmzuzdor/Build/Products/Debug/WonderWhisper_Mac.swiftmodule/arm64-apple-macos.swiftmodule

Copy /Users/danekapoor/Library/Developer/Xcode/DerivedData/WonderWhisper_Mac-fbedzewqdccmijhafdzjzmzuzdor/Build/Products/Debug/WonderWhisper_Mac.swiftmodule/Project/arm64-apple-macos.swiftsourceinfo /Users/danekapoor/Library/Developer/Xcode/DerivedData/WonderWhisper_Mac-fbedzewqdccmijhafdzjzmzuzdor/Build/Intermediates.noindex/WonderWhisper\ Mac.build/Debug/WonderWhisper\ Mac.build/Objects-normal/arm64/WonderWhisper_Mac.swiftsourceinfo (in target 'WonderWhisper Mac' from project 'WonderWhisper Mac')
    cd /Users/danekapoor/Development/WonderWhisper\ Mac/WonderWhisper\ Mac
    builtin-copy -exclude .DS_Store -exclude CVS -exclude .svn -exclude .git -exclude .hg -resolve-src-symlinks -rename /Users/danekapoor/Library/Developer/Xcode/DerivedData/WonderWhisper_Mac-fbedzewqdccmijhafdzjzmzuzdor/Build/Intermediates.noindex/WonderWhisper\ Mac.build/Debug/WonderWhisper\ Mac.build/Objects-normal/arm64/WonderWhisper_Mac.swiftsourceinfo /Users/danekapoor/Library/Developer/Xcode/DerivedData/WonderWhisper_Mac-fbedzewqdccmijhafdzjzmzuzdor/Build/Products/Debug/WonderWhisper_Mac.swiftmodule/Project/arm64-apple-macos.swiftsourceinfo

Copy /Users/danekapoor/Library/Developer/Xcode/DerivedData/WonderWhisper_Mac-fbedzewqdccmijhafdzjzmzuzdor/Build/Products/Debug/WonderWhisper_Mac.swiftmodule/arm64-apple-macos.abi.json /Users/danekapoor/Library/Developer/Xcode/DerivedData/WonderWhisper_Mac-fbedzewqdccmijhafdzjzmzuzdor/Build/Intermediates.noindex/WonderWhisper\ Mac.build/Debug/WonderWhisper\ Mac.build/Objects-normal/arm64/WonderWhisper_Mac.abi.json (in target 'WonderWhisper Mac' from project 'WonderWhisper Mac')
    cd /Users/danekapoor/Development/WonderWhisper\ Mac/WonderWhisper\ Mac
    builtin-copy -exclude .DS_Store -exclude CVS -exclude .svn -exclude .git -exclude .hg -resolve-src-symlinks -rename /Users/danekapoor/Library/Developer/Xcode/DerivedData/WonderWhisper_Mac-fbedzewqdccmijhafdzjzmzuzdor/Build/Intermediates.noindex/WonderWhisper\ Mac.build/Debug/WonderWhisper\ Mac.build/Objects-normal/arm64/WonderWhisper_Mac.abi.json /Users/danekapoor/Library/Developer/Xcode/DerivedData/WonderWhisper_Mac-fbedzewqdccmijhafdzjzmzuzdor/Build/Products/Debug/WonderWhisper_Mac.swiftmodule/arm64-apple-macos.abi.json

SwiftDriverJobDiscovery normal arm64 Compiling DictationViewModel.swift (in target 'WonderWhisper Mac' from project 'WonderWhisper Mac')

SwiftCompile normal arm64 Compiling\ ContentView.swift,\ HistoryView.swift /Users/danekapoor/Development/WonderWhisper\ Mac/WonderWhisper\ Mac/WonderWhisper\ Mac/ContentView.swift /Users/danekapoor/Development/WonderWhisper\ Mac/WonderWhisper\ Mac/WonderWhisper\ Mac/HistoryView.swift (in target 'WonderWhisper Mac' from project 'WonderWhisper Mac')

SwiftCompile normal arm64 /Users/danekapoor/Development/WonderWhisper\ Mac/WonderWhisper\ Mac/WonderWhisper\ Mac/ContentView.swift (in target 'WonderWhisper Mac' from project 'WonderWhisper Mac')
    cd /Users/danekapoor/Development/WonderWhisper\ Mac/WonderWhisper\ Mac
    

SwiftCompile normal arm64 /Users/danekapoor/Development/WonderWhisper\ Mac/WonderWhisper\ Mac/WonderWhisper\ Mac/HistoryView.swift (in target 'WonderWhisper Mac' from project 'WonderWhisper Mac')
    cd /Users/danekapoor/Development/WonderWhisper\ Mac/WonderWhisper\ Mac
    

SwiftCompile normal arm64 Compiling\ SettingsModelsView.swift /Users/danekapoor/Development/WonderWhisper\ Mac/WonderWhisper\ Mac/WonderWhisper\ Mac/SettingsModelsView.swift (in target 'WonderWhisper Mac' from project 'WonderWhisper Mac')

SwiftCompile normal arm64 /Users/danekapoor/Development/WonderWhisper\ Mac/WonderWhisper\ Mac/WonderWhisper\ Mac/SettingsModelsView.swift (in target 'WonderWhisper Mac' from project 'WonderWhisper Mac')
    cd /Users/danekapoor/Development/WonderWhisper\ Mac/WonderWhisper\ Mac
    
/Users/danekapoor/Development/WonderWhisper Mac/WonderWhisper Mac/WonderWhisper Mac/SettingsModelsView.swift:253:10: warning: 'onChange(of:perform:)' was deprecated in macOS 14.0: Use `onChange` with a two or zero parameter action closure instead.
        .onChange(of: vm.llmProvider) { newValue in
         ^

SwiftCompile normal arm64 Compiling\ SettingsAPIKeysView.swift /Users/danekapoor/Development/WonderWhisper\ Mac/WonderWhisper\ Mac/WonderWhisper\ Mac/SettingsAPIKeysView.swift (in target 'WonderWhisper Mac' from project 'WonderWhisper Mac')

SwiftCompile normal arm64 /Users/danekapoor/Development/WonderWhisper\ Mac/WonderWhisper\ Mac/WonderWhisper\ Mac/SettingsAPIKeysView.swift (in target 'WonderWhisper Mac' from project 'WonderWhisper Mac')
    cd /Users/danekapoor/Development/WonderWhisper\ Mac/WonderWhisper\ Mac
    

SwiftCompile normal arm64 Compiling\ SettingsView.swift /Users/danekapoor/Development/WonderWhisper\ Mac/WonderWhisper\ Mac/WonderWhisper\ Mac/SettingsView.swift (in target 'WonderWhisper Mac' from project 'WonderWhisper Mac')

SwiftCompile normal arm64 /Users/danekapoor/Development/WonderWhisper\ Mac/WonderWhisper\ Mac/WonderWhisper\ Mac/SettingsView.swift (in target 'WonderWhisper Mac' from project 'WonderWhisper Mac')
    cd /Users/danekapoor/Development/WonderWhisper\ Mac/WonderWhisper\ Mac
    

SwiftCompile normal arm64 Compiling\ ParakeetAdvancedSettingsView.swift /Users/danekapoor/Development/WonderWhisper\ Mac/WonderWhisper\ Mac/WonderWhisper\ Mac/ParakeetAdvancedSettingsView.swift (in target 'WonderWhisper Mac' from project 'WonderWhisper Mac')

SwiftCompile normal arm64 /Users/danekapoor/Development/WonderWhisper\ Mac/WonderWhisper\ Mac/WonderWhisper\ Mac/ParakeetAdvancedSettingsView.swift (in target 'WonderWhisper Mac' from project 'WonderWhisper Mac')
    cd /Users/danekapoor/Development/WonderWhisper\ Mac/WonderWhisper\ Mac
    

SwiftCompile normal arm64 Compiling\ SettingsVocabularyView.swift /Users/danekapoor/Development/WonderWhisper\ Mac/WonderWhisper\ Mac/WonderWhisper\ Mac/SettingsVocabularyView.swift (in target 'WonderWhisper Mac' from project 'WonderWhisper Mac')

SwiftCompile normal arm64 /Users/danekapoor/Development/WonderWhisper\ Mac/WonderWhisper\ Mac/WonderWhisper\ Mac/SettingsVocabularyView.swift (in target 'WonderWhisper Mac' from project 'WonderWhisper Mac')
    cd /Users/danekapoor/Development/WonderWhisper\ Mac/WonderWhisper\ Mac
    
/Users/danekapoor/Development/WonderWhisper Mac/WonderWhisper Mac/WonderWhisper Mac/SettingsVocabularyView.swift:49:14: warning: 'onChange(of:perform:)' was deprecated in macOS 14.0: Use `onChange` with a two or zero parameter action closure instead.
            .onChange(of: newEntry) { _ in duplicateWarning = nil }
             ^
/Users/danekapoor/Development/WonderWhisper Mac/WonderWhisper Mac/WonderWhisper Mac/SettingsVocabularyView.swift:103:14: warning: 'onChange(of:perform:)' was deprecated in macOS 14.0: Use `onChange` with a two or zero parameter action closure instead.
            .onChange(of: replaceSource) { _ in replacementWarning = nil }
             ^
/Users/danekapoor/Development/WonderWhisper Mac/WonderWhisper Mac/WonderWhisper Mac/SettingsVocabularyView.swift:109:14: warning: 'onChange(of:perform:)' was deprecated in macOS 14.0: Use `onChange` with a two or zero parameter action closure instead.
            .onChange(of: replaceTarget) { _ in replacementWarning = nil }
             ^

SwiftCompile normal arm64 Compiling\ ScratchpadView.swift /Users/danekapoor/Development/WonderWhisper\ Mac/WonderWhisper\ Mac/WonderWhisper\ Mac/ScratchpadView.swift (in target 'WonderWhisper Mac' from project 'WonderWhisper Mac')

SwiftCompile normal arm64 /Users/danekapoor/Development/WonderWhisper\ Mac/WonderWhisper\ Mac/WonderWhisper\ Mac/ScratchpadView.swift (in target 'WonderWhisper Mac' from project 'WonderWhisper Mac')
    cd /Users/danekapoor/Development/WonderWhisper\ Mac/WonderWhisper\ Mac
    

SwiftCompile normal arm64 Compiling\ SettingsGeneralView.swift /Users/danekapoor/Development/WonderWhisper\ Mac/WonderWhisper\ Mac/WonderWhisper\ Mac/SettingsGeneralView.swift (in target 'WonderWhisper Mac' from project 'WonderWhisper Mac')

SwiftCompile normal arm64 /Users/danekapoor/Development/WonderWhisper\ Mac/WonderWhisper\ Mac/WonderWhisper\ Mac/SettingsGeneralView.swift (in target 'WonderWhisper Mac' from project 'WonderWhisper Mac')
    cd /Users/danekapoor/Development/WonderWhisper\ Mac/WonderWhisper\ Mac
    

SwiftCompile normal arm64 Compiling\ SettingsPromptsView.swift /Users/danekapoor/Development/WonderWhisper\ Mac/WonderWhisper\ Mac/WonderWhisper\ Mac/SettingsPromptsView.swift (in target 'WonderWhisper Mac' from project 'WonderWhisper Mac')
SwiftCompile normal arm64 /Users/danekapoor/Development/WonderWhisper\ Mac/WonderWhisper\ Mac/WonderWhisper\ Mac/SettingsPromptsView.swift (in target 'WonderWhisper Mac' from project 'WonderWhisper Mac')
    cd /Users/danekapoor/Development/WonderWhisper\ Mac/WonderWhisper\ Mac
    
/Users/danekapoor/Development/WonderWhisper Mac/WonderWhisper Mac/WonderWhisper Mac/SettingsPromptsView.swift:41:10: warning: 'onChange(of:perform:)' was deprecated in macOS 14.0: Use `onChange` with a two or zero parameter action closure instead.
        .onChange(of: vm.selectedPromptID) { newValue in
         ^
/Users/danekapoor/Development/WonderWhisper Mac/WonderWhisper Mac/WonderWhisper Mac/SettingsPromptsView.swift:265:19: warning: value 'startIndex' was defined but never used; consider replacing with boolean test
        guard let startIndex = dragStartIndex else { return }
              ~~~~^~~~~~~~~~~~~
                                              != nil
/Users/danekapoor/Development/WonderWhisper Mac/WonderWhisper Mac/WonderWhisper Mac/SettingsPromptsView.swift:466:10: warning: 'onChange(of:perform:)' was deprecated in macOS 14.0: Use `onChange` with a two or zero parameter action closure instead.
        .onChange(of: prompt) { newPrompt in
         ^
/Users/danekapoor/Development/WonderWhisper Mac/WonderWhisper Mac/WonderWhisper Mac/SettingsPromptsView.swift:474:10: warning: 'onChange(of:perform:)' was deprecated in macOS 14.0: Use `onChange` with a two or zero parameter action closure instead.
        .onChange(of: mode) { newMode in
         ^
/Users/danekapoor/Development/WonderWhisper Mac/WonderWhisper Mac/WonderWhisper Mac/SettingsPromptsView.swift:484:10: warning: 'onChange(of:perform:)' was deprecated in macOS 14.0: Use `onChange` with a two or zero parameter action closure instead.
        .onChange(of: selectionValue) { newValue in
         ^
/Users/danekapoor/Development/WonderWhisper Mac/WonderWhisper Mac/WonderWhisper Mac/SettingsPromptsView.swift:596:18: warning: 'onChange(of:perform:)' was deprecated in macOS 14.0: Use `onChange` with a two or zero parameter action closure instead.
                .onChange(of: isFieldFocused) { focused in
                 ^
/Users/danekapoor/Development/WonderWhisper Mac/WonderWhisper Mac/WonderWhisper Mac/SettingsPromptsView.swift:632:10: warning: 'onChange(of:perform:)' was deprecated in macOS 14.0: Use `onChange` with a two or zero parameter action closure instead.
        .onChange(of: prompt.llmModelOverride) { newValue in
         ^
/Users/danekapoor/Development/WonderWhisper Mac/WonderWhisper Mac/WonderWhisper Mac/SettingsPromptsView.swift:637:10: warning: 'onChange(of:perform:)' was deprecated in macOS 14.0: Use `onChange` with a two or zero parameter action closure instead.
        .onChange(of: prompt.llmProviderOverride) { newValue in
         ^
/Users/danekapoor/Development/WonderWhisper Mac/WonderWhisper Mac/WonderWhisper Mac/SettingsPromptsView.swift:642:10: warning: 'onChange(of:perform:)' was deprecated in macOS 14.0: Use `onChange` with a two or zero parameter action closure instead.
        .onChange(of: favorites) { _ in
         ^
/Users/danekapoor/Development/WonderWhisper Mac/WonderWhisper Mac/WonderWhisper Mac/SettingsPromptsView.swift:872:14: warning: 'onChange(of:perform:)' was deprecated in macOS 14.0: Use `onChange` with a two or zero parameter action closure instead.
            .onChange(of: clipboardChoice) { newValue in
             ^
/Users/danekapoor/Development/WonderWhisper Mac/WonderWhisper Mac/WonderWhisper Mac/SettingsPromptsView.swift:877:10: warning: 'onChange(of:perform:)' was deprecated in macOS 14.0: Use `onChange` with a two or zero parameter action closure instead.
        .onChange(of: prompt.clipboardContextOverride) { newValue in
         ^
/Users/danekapoor/Development/WonderWhisper Mac/WonderWhisper Mac/WonderWhisper Mac/SettingsPromptsView.swift:924:18: warning: 'onChange(of:perform:)' was deprecated in macOS 14.0: Use `onChange` with a two or zero parameter action closure instead.
                .onChange(of: screenChoice) { newValue in
                 ^
/Users/danekapoor/Development/WonderWhisper Mac/WonderWhisper Mac/WonderWhisper Mac/SettingsPromptsView.swift:952:18: warning: 'onChange(of:perform:)' was deprecated in macOS 14.0: Use `onChange` with a two or zero parameter action closure instead.
                .onChange(of: preprocessChoice) { newValue in
                 ^
/Users/danekapoor/Development/WonderWhisper Mac/WonderWhisper Mac/WonderWhisper Mac/SettingsPromptsView.swift:955:18: warning: 'onChange(of:perform:)' was deprecated in macOS 14.0: Use `onChange` with a two or zero parameter action closure instead.
                .onChange(of: screenChoice) { newValue in
                 ^
/Users/danekapoor/Development/WonderWhisper Mac/WonderWhisper Mac/WonderWhisper Mac/SettingsPromptsView.swift:967:10: warning: 'onChange(of:perform:)' was deprecated in macOS 14.0: Use `onChange` with a two or zero parameter action closure instead.
        .onChange(of: prompt.screenContextOverride) { newValue in
         ^
/Users/danekapoor/Development/WonderWhisper Mac/WonderWhisper Mac/WonderWhisper Mac/SettingsPromptsView.swift:970:10: warning: 'onChange(of:perform:)' was deprecated in macOS 14.0: Use `onChange` with a two or zero parameter action closure instead.
        .onChange(of: prompt.screenContextPreprocessingOverride) { newValue in
         ^

SwiftCompile normal arm64 Compiling\ WaveformOverlayController.swift /Users/danekapoor/Development/WonderWhisper\ Mac/WonderWhisper\ Mac/WonderWhisper\ Mac/WaveformOverlayController.swift (in target 'WonderWhisper Mac' from project 'WonderWhisper Mac')

SwiftCompile normal arm64 /Users/danekapoor/Development/WonderWhisper\ Mac/WonderWhisper\ Mac/WonderWhisper\ Mac/WaveformOverlayController.swift (in target 'WonderWhisper Mac' from project 'WonderWhisper Mac')
    cd /Users/danekapoor/Development/WonderWhisper\ Mac/WonderWhisper\ Mac
    

SwiftCompile normal arm64 Compiling\ MenuBarController.swift,\ NotchIndicatorController.swift /Users/danekapoor/Development/WonderWhisper\ Mac/WonderWhisper\ Mac/WonderWhisper\ Mac/MenuBarController.swift /Users/danekapoor/Development/WonderWhisper\ Mac/WonderWhisper\ Mac/WonderWhisper\ Mac/NotchIndicatorController.swift (in target 'WonderWhisper Mac' from project 'WonderWhisper Mac')

SwiftCompile normal arm64 /Users/danekapoor/Development/WonderWhisper\ Mac/WonderWhisper\ Mac/WonderWhisper\ Mac/MenuBarController.swift (in target 'WonderWhisper Mac' from project 'WonderWhisper Mac')
    cd /Users/danekapoor/Development/WonderWhisper\ Mac/WonderWhisper\ Mac
    

SwiftCompile normal arm64 /Users/danekapoor/Development/WonderWhisper\ Mac/WonderWhisper\ Mac/WonderWhisper\ Mac/NotchIndicatorController.swift (in target 'WonderWhisper Mac' from project 'WonderWhisper Mac')
    cd /Users/danekapoor/Development/WonderWhisper\ Mac/WonderWhisper\ Mac
    

SwiftCompile normal arm64 Compiling\ WonderWhisper_MacApp.swift /Users/danekapoor/Development/WonderWhisper\ Mac/WonderWhisper\ Mac/WonderWhisper\ Mac/WonderWhisper_MacApp.swift (in target 'WonderWhisper Mac' from project 'WonderWhisper Mac')

SwiftCompile normal arm64 /Users/danekapoor/Development/WonderWhisper\ Mac/WonderWhisper\ Mac/WonderWhisper\ Mac/WonderWhisper_MacApp.swift (in target 'WonderWhisper Mac' from project 'WonderWhisper Mac')
    cd /Users/danekapoor/Development/WonderWhisper\ Mac/WonderWhisper\ Mac
    

SwiftDriverJobDiscovery normal arm64 Compiling WonderWhisper_MacApp.swift (in target 'WonderWhisper Mac' from project 'WonderWhisper Mac')

SwiftDriverJobDiscovery normal arm64 Compiling SettingsAPIKeysView.swift (in target 'WonderWhisper Mac' from project 'WonderWhisper Mac')

SwiftDriverJobDiscovery normal arm64 Compiling SettingsGeneralView.swift (in target 'WonderWhisper Mac' from project 'WonderWhisper Mac')

SwiftDriverJobDiscovery normal arm64 Compiling SettingsView.swift (in target 'WonderWhisper Mac' from project 'WonderWhisper Mac')

SwiftDriverJobDiscovery normal arm64 Compiling ParakeetAdvancedSettingsView.swift (in target 'WonderWhisper Mac' from project 'WonderWhisper Mac')

SwiftDriverJobDiscovery normal arm64 Compiling MenuBarController.swift, NotchIndicatorController.swift (in target 'WonderWhisper Mac' from project 'WonderWhisper Mac')

SwiftDriverJobDiscovery normal arm64 Compiling SettingsVocabularyView.swift (in target 'WonderWhisper Mac' from project 'WonderWhisper Mac')

SwiftDriverJobDiscovery normal arm64 Compiling WaveformOverlayController.swift (in target 'WonderWhisper Mac' from project 'WonderWhisper Mac')

SwiftDriverJobDiscovery normal arm64 Compiling ScratchpadView.swift (in target 'WonderWhisper Mac' from project 'WonderWhisper Mac')

SwiftDriverJobDiscovery normal arm64 Compiling SettingsModelsView.swift (in target 'WonderWhisper Mac' from project 'WonderWhisper Mac')

SwiftDriverJobDiscovery normal arm64 Compiling ContentView.swift, HistoryView.swift (in target 'WonderWhisper Mac' from project 'WonderWhisper Mac')

SwiftDriverJobDiscovery normal arm64 Compiling SettingsPromptsView.swift (in target 'WonderWhisper Mac' from project 'WonderWhisper Mac')

SwiftDriver\ Compilation WonderWhisper\ Mac normal arm64 com.apple.xcode.tools.swift.compiler (in target 'WonderWhisper Mac' from project 'WonderWhisper Mac')
    cd /Users/danekapoor/Development/WonderWhisper\ Mac/WonderWhisper\ Mac
    builtin-Swift-Compilation -- /Applications/Xcode.app/Contents/Developer/Toolchains/XcodeDefault.xctoolchain/usr/bin/swiftc -module-name WonderWhisper_Mac -Onone -enforce-exclusivity\=checked @/Users/danekapoor/Library/Developer/Xcode/DerivedData/WonderWhisper_Mac-fbedzewqdccmijhafdzjzmzuzdor/Build/Intermediates.noindex/WonderWhisper\ Mac.build/Debug/WonderWhisper\ Mac.build/Objects-normal/arm64/WonderWhisper\ Mac.SwiftFileList -DDEBUG -DDEBUG -DENABLE_NATIVE_SPEECH_ANALYZER -enable-bare-slash-regex -enable-experimental-feature DebugDescriptionMacro -sdk /Applications/Xcode.app/Contents/Developer/Platforms/MacOSX.platform/Developer/SDKs/MacOSX26.0.sdk -target arm64-apple-macos15.5 -g -module-cache-path /Users/danekapoor/Library/Developer/Xcode/DerivedData/ModuleCache.noindex -Xfrontend -serialize-debugging-options -profile-coverage-mapping -profile-generate -enable-testing -index-store-path /Users/danekapoor/Library/Developer/Xcode/DerivedData/WonderWhisper_Mac-fbedzewqdccmijhafdzjzmzuzdor/Index.noindex/DataStore -Xcc -D_LIBCPP_HARDENING_MODE\=_LIBCPP_HARDENING_MODE_DEBUG -swift-version 5 -I /Users/danekapoor/Library/Developer/Xcode/DerivedData/WonderWhisper_Mac-fbedzewqdccmijhafdzjzmzuzdor/Build/Products/Debug -F /Users/danekapoor/Library/Developer/Xcode/DerivedData/WonderWhisper_Mac-fbedzewqdccmijhafdzjzmzuzdor/Build/Products/Debug/PackageFrameworks -F /Users/danekapoor/Library/Developer/Xcode/DerivedData/WonderWhisper_Mac-fbedzewqdccmijhafdzjzmzuzdor/Build/Products/Debug -emit-localized-strings -emit-localized-strings-path /Users/danekapoor/Library/Developer/Xcode/DerivedData/WonderWhisper_Mac-fbedzewqdccmijhafdzjzmzuzdor/Build/Intermediates.noindex/WonderWhisper\ Mac.build/Debug/WonderWhisper\ Mac.build/Objects-normal/arm64 -c -j12 -enable-batch-mode -incremental -Xcc -ivfsstatcache -Xcc /Users/danekapoor/Library/Developer/Xcode/DerivedData/SDKStatCaches.noindex/macosx26.0-25A352-3885c01c3e6b6a337905948deab2002e28806144b0707e398aac92880fa50324.sdkstatcache -output-file-map /Users/danekapoor/Library/Developer/Xcode/DerivedData/WonderWhisper_Mac-fbedzewqdccmijhafdzjzmzuzdor/Build/Intermediates.noindex/WonderWhisper\ Mac.build/Debug/WonderWhisper\ Mac.build/Objects-normal/arm64/WonderWhisper\ Mac-OutputFileMap.json -use-frontend-parseable-output -save-temps -no-color-diagnostics -explicit-module-build -module-cache-path /Users/danekapoor/Library/Developer/Xcode/DerivedData/WonderWhisper_Mac-fbedzewqdccmijhafdzjzmzuzdor/Build/Intermediates.noindex/SwiftExplicitPrecompiledModules -clang-scanner-module-cache-path /Users/danekapoor/Library/Developer/Xcode/DerivedData/ModuleCache.noindex -sdk-module-cache-path /Users/danekapoor/Library/Developer/Xcode/DerivedData/ModuleCache.noindex -serialize-diagnostics -emit-dependencies -emit-module -emit-module-path /Users/danekapoor/Library/Developer/Xcode/DerivedData/WonderWhisper_Mac-fbedzewqdccmijhafdzjzmzuzdor/Build/Intermediates.noindex/WonderWhisper\ Mac.build/Debug/WonderWhisper\ Mac.build/Objects-normal/arm64/WonderWhisper_Mac.swiftmodule -validate-clang-modules-once -clang-build-session-file /Users/danekapoor/Library/Developer/Xcode/DerivedData/ModuleCache.noindex/Session.modulevalidation -Xcc -I/Users/danekapoor/Library/Developer/Xcode/DerivedData/WonderWhisper_Mac-fbedzewqdccmijhafdzjzmzuzdor/Build/Intermediates.noindex/WonderWhisper\ Mac.build/Debug/WonderWhisper\ Mac.build/swift-overrides.hmap -emit-const-values -Xfrontend -const-gather-protocols-file -Xfrontend /Users/danekapoor/Library/Developer/Xcode/DerivedData/WonderWhisper_Mac-fbedzewqdccmijhafdzjzmzuzdor/Build/Intermediates.noindex/WonderWhisper\ Mac.build/Debug/WonderWhisper\ Mac.build/Objects-normal/arm64/WonderWhisper\ Mac_const_extract_protocols.json -Xcc -iquote -Xcc /Users/danekapoor/Library/Developer/Xcode/DerivedData/WonderWhisper_Mac-fbedzewqdccmijhafdzjzmzuzdor/Build/Intermediates.noindex/WonderWhisper\ Mac.build/Debug/WonderWhisper\ Mac.build/WonderWhisper\ Mac-generated-files.hmap -Xcc -I/Users/danekapoor/Library/Developer/Xcode/DerivedData/WonderWhisper_Mac-fbedzewqdccmijhafdzjzmzuzdor/Build/Intermediates.noindex/WonderWhisper\ Mac.build/Debug/WonderWhisper\ Mac.build/WonderWhisper\ Mac-own-target-headers.hmap -Xcc -I/Users/danekapoor/Library/Developer/Xcode/DerivedData/WonderWhisper_Mac-fbedzewqdccmijhafdzjzmzuzdor/Build/Intermediates.noindex/WonderWhisper\ Mac.build/Debug/WonderWhisper\ Mac.build/WonderWhisper\ Mac-all-non-framework-target-headers.hmap -Xcc -ivfsoverlay -Xcc /Users/danekapoor/Library/Developer/Xcode/DerivedData/WonderWhisper_Mac-fbedzewqdccmijhafdzjzmzuzdor/Build/Intermediates.noindex/WonderWhisper\ Mac.build/Debug/WonderWhisper\ Mac-c7fbf4ac5d35b3345a726ca6ddc7f6cc-VFS/all-product-headers.yaml -Xcc -iquote -Xcc /Users/danekapoor/Library/Developer/Xcode/DerivedData/WonderWhisper_Mac-fbedzewqdccmijhafdzjzmzuzdor/Build/Intermediates.noindex/WonderWhisper\ Mac.build/Debug/WonderWhisper\ Mac.build/WonderWhisper\ Mac-project-headers.hmap -Xcc -I/Users/danekapoor/Library/Developer/Xcode/DerivedData/WonderWhisper_Mac-fbedzewqdccmijhafdzjzmzuzdor/Build/Products/Debug/include -Xcc -I/Users/danekapoor/Library/Developer/Xcode/DerivedData/WonderWhisper_Mac-fbedzewqdccmijhafdzjzmzuzdor/Build/Intermediates.noindex/WonderWhisper\ Mac.build/Debug/WonderWhisper\ Mac.build/DerivedSources-normal/arm64 -Xcc -I/Users/danekapoor/Library/Developer/Xcode/DerivedData/WonderWhisper_Mac-fbedzewqdccmijhafdzjzmzuzdor/Build/Intermediates.noindex/WonderWhisper\ Mac.build/Debug/WonderWhisper\ Mac.build/DerivedSources/arm64 -Xcc -I/Users/danekapoor/Library/Developer/Xcode/DerivedData/WonderWhisper_Mac-fbedzewqdccmijhafdzjzmzuzdor/Build/Intermediates.noindex/WonderWhisper\ Mac.build/Debug/WonderWhisper\ Mac.build/DerivedSources -Xcc -DDEBUG\=1 -emit-objc-header -emit-objc-header-path /Users/danekapoor/Library/Developer/Xcode/DerivedData/WonderWhisper_Mac-fbedzewqdccmijhafdzjzmzuzdor/Build/Intermediates.noindex/WonderWhisper\ Mac.build/Debug/WonderWhisper\ Mac.build/Objects-normal/arm64/WonderWhisper_Mac-Swift.h -working-directory /Users/danekapoor/Development/WonderWhisper\ Mac/WonderWhisper\ Mac -experimental-emit-module-separately -disable-cmo

Ld /Users/danekapoor/Library/Developer/Xcode/DerivedData/WonderWhisper_Mac-fbedzewqdccmijhafdzjzmzuzdor/Build/Products/Debug/WonderWhisper\ Mac.app/Contents/MacOS/WonderWhisper\ Mac.debug.dylib normal (in target 'WonderWhisper Mac' from project 'WonderWhisper Mac')
    cd /Users/danekapoor/Development/WonderWhisper\ Mac/WonderWhisper\ Mac
    /Applications/Xcode.app/Contents/Developer/Toolchains/XcodeDefault.xctoolchain/usr/bin/clang -Xlinker -reproducible -target arm64-apple-macos15.5 -dynamiclib -isysroot /Applications/Xcode.app/Contents/Developer/Platforms/MacOSX.platform/Developer/SDKs/MacOSX26.0.sdk -O0 -L/Users/danekapoor/Library/Developer/Xcode/DerivedData/WonderWhisper_Mac-fbedzewqdccmijhafdzjzmzuzdor/Build/Intermediates.noindex/EagerLinkingTBDs/Debug -L/Users/danekapoor/Library/Developer/Xcode/DerivedData/WonderWhisper_Mac-fbedzewqdccmijhafdzjzmzuzdor/Build/Products/Debug -F/Users/danekapoor/Library/Developer/Xcode/DerivedData/WonderWhisper_Mac-fbedzewqdccmijhafdzjzmzuzdor/Build/Intermediates.noindex/EagerLinkingTBDs/Debug -F/Users/danekapoor/Library/Developer/Xcode/DerivedData/WonderWhisper_Mac-fbedzewqdccmijhafdzjzmzuzdor/Build/Products/Debug/PackageFrameworks -F/Users/danekapoor/Library/Developer/Xcode/DerivedData/WonderWhisper_Mac-fbedzewqdccmijhafdzjzmzuzdor/Build/Products/Debug -filelist /Users/danekapoor/Library/Developer/Xcode/DerivedData/WonderWhisper_Mac-fbedzewqdccmijhafdzjzmzuzdor/Build/Intermediates.noindex/WonderWhisper\ Mac.build/Debug/WonderWhisper\ Mac.build/Objects-normal/arm64/WonderWhisper\ Mac.LinkFileList -install_name @rpath/WonderWhisper\ Mac.debug.dylib -Xlinker -rpath -Xlinker /usr/lib/swift -Xlinker -rpath -Xlinker /Users/danekapoor/Library/Developer/Xcode/DerivedData/WonderWhisper_Mac-fbedzewqdccmijhafdzjzmzuzdor/Build/Products/Debug/PackageFrameworks -Xlinker -rpath -Xlinker @executable_path/../Frameworks -Xlinker -object_path_lto -Xlinker /Users/danekapoor/Library/Developer/Xcode/DerivedData/WonderWhisper_Mac-fbedzewqdccmijhafdzjzmzuzdor/Build/Intermediates.noindex/WonderWhisper\ Mac.build/Debug/WonderWhisper\ Mac.build/Objects-normal/arm64/WonderWhisper\ Mac_lto.o -rdynamic -Xlinker -no_deduplicate -Xlinker -debug_variant -Xlinker -dependency_info -Xlinker /Users/danekapoor/Library/Developer/Xcode/DerivedData/WonderWhisper_Mac-fbedzewqdccmijhafdzjzmzuzdor/Build/Intermediates.noindex/WonderWhisper\ Mac.build/Debug/WonderWhisper\ Mac.build/Objects-normal/arm64/WonderWhisper\ Mac_dependency_info.dat -fobjc-link-runtime -fprofile-instr-generate -L/Applications/Xcode.app/Contents/Developer/Toolchains/XcodeDefault.xctoolchain/usr/lib/swift/macosx -L/usr/lib/swift -Xlinker -add_ast_path -Xlinker /Users/danekapoor/Library/Developer/Xcode/DerivedData/WonderWhisper_Mac-fbedzewqdccmijhafdzjzmzuzdor/Build/Intermediates.noindex/WonderWhisper\ Mac.build/Debug/WonderWhisper\ Mac.build/Objects-normal/arm64/WonderWhisper_Mac.swiftmodule @/Users/danekapoor/Library/Developer/Xcode/DerivedData/WonderWhisper_Mac-fbedzewqdccmijhafdzjzmzuzdor/Build/Intermediates.noindex/WonderWhisper\ Mac.build/Debug/WonderWhisper\ Mac.build/Objects-normal/arm64/WonderWhisper_Mac-linker-args.resp -Wl,-no_warn_duplicate_libraries -Xlinker -alias -Xlinker _main -Xlinker ___debug_main_executable_dylib_entry_point -Xlinker -no_adhoc_codesign -o /Users/danekapoor/Library/Developer/Xcode/DerivedData/WonderWhisper_Mac-fbedzewqdccmijhafdzjzmzuzdor/Build/Products/Debug/WonderWhisper\ Mac.app/Contents/MacOS/WonderWhisper\ Mac.debug.dylib -Xlinker -add_ast_path -Xlinker /Users/danekapoor/Library/Developer/Xcode/DerivedData/WonderWhisper_Mac-fbedzewqdccmijhafdzjzmzuzdor/Build/Intermediates.noindex/FluidAudio.build/Debug/FluidAudio.build/Objects-normal/arm64/FluidAudio.swiftmodule @/Users/danekapoor/Library/Developer/Xcode/DerivedData/WonderWhisper_Mac-fbedzewqdccmijhafdzjzmzuzdor/Build/Intermediates.noindex/FluidAudio.build/Debug/FluidAudio.build/Objects-normal/arm64/FluidAudio-linker-args.resp

ConstructStubExecutorLinkFileList /Users/danekapoor/Library/Developer/Xcode/DerivedData/WonderWhisper_Mac-fbedzewqdccmijhafdzjzmzuzdor/Build/Intermediates.noindex/WonderWhisper\ Mac.build/Debug/WonderWhisper\ Mac.build/WonderWhisper\ Mac-ExecutorLinkFileList-normal-arm64.txt (in target 'WonderWhisper Mac' from project 'WonderWhisper Mac')
    cd /Users/danekapoor/Development/WonderWhisper\ Mac/WonderWhisper\ Mac
    construct-stub-executor-link-file-list /Users/danekapoor/Library/Developer/Xcode/DerivedData/WonderWhisper_Mac-fbedzewqdccmijhafdzjzmzuzdor/Build/Products/Debug/WonderWhisper\ Mac.app/Contents/MacOS/WonderWhisper\ Mac.debug.dylib /Applications/Xcode.app/Contents/Developer/Platforms/MacOSX.platform/Developer/usr/lib/libPreviewsJITStubExecutor_no_swift_entry_point.a /Applications/Xcode.app/Contents/Developer/Platforms/MacOSX.platform/Developer/usr/lib/libPreviewsJITStubExecutor.a --output /Users/danekapoor/Library/Developer/Xcode/DerivedData/WonderWhisper_Mac-fbedzewqdccmijhafdzjzmzuzdor/Build/Intermediates.noindex/WonderWhisper\ Mac.build/Debug/WonderWhisper\ Mac.build/WonderWhisper\ Mac-ExecutorLinkFileList-normal-arm64.txt
note: Using stub executor library with Swift entry point. (in target 'WonderWhisper Mac' from project 'WonderWhisper Mac')

Ld /Users/danekapoor/Library/Developer/Xcode/DerivedData/WonderWhisper_Mac-fbedzewqdccmijhafdzjzmzuzdor/Build/Products/Debug/WonderWhisper\ Mac.app/Contents/MacOS/WonderWhisper\ Mac normal (in target 'WonderWhisper Mac' from project 'WonderWhisper Mac')
    cd /Users/danekapoor/Development/WonderWhisper\ Mac/WonderWhisper\ Mac
    /Applications/Xcode.app/Contents/Developer/Toolchains/XcodeDefault.xctoolchain/usr/bin/clang -Xlinker -reproducible -target arm64-apple-macos15.5 -isysroot /Applications/Xcode.app/Contents/Developer/Platforms/MacOSX.platform/Developer/SDKs/MacOSX26.0.sdk -O0 -L/Users/danekapoor/Library/Developer/Xcode/DerivedData/WonderWhisper_Mac-fbedzewqdccmijhafdzjzmzuzdor/Build/Products/Debug -F/Users/danekapoor/Library/Developer/Xcode/DerivedData/WonderWhisper_Mac-fbedzewqdccmijhafdzjzmzuzdor/Build/Products/Debug/PackageFrameworks -F/Users/danekapoor/Library/Developer/Xcode/DerivedData/WonderWhisper_Mac-fbedzewqdccmijhafdzjzmzuzdor/Build/Products/Debug -Xlinker -rpath -Xlinker @executable_path -Xlinker -rpath -Xlinker /Users/danekapoor/Library/Developer/Xcode/DerivedData/WonderWhisper_Mac-fbedzewqdccmijhafdzjzmzuzdor/Build/Products/Debug/PackageFrameworks -Xlinker -rpath -Xlinker @executable_path/../Frameworks -rdynamic -Xlinker -no_deduplicate -Xlinker -debug_variant -e ___debug_blank_executor_main -Xlinker -sectcreate -Xlinker __TEXT -Xlinker __debug_dylib -Xlinker /Users/danekapoor/Library/Developer/Xcode/DerivedData/WonderWhisper_Mac-fbedzewqdccmijhafdzjzmzuzdor/Build/Intermediates.noindex/WonderWhisper\ Mac.build/Debug/WonderWhisper\ Mac.build/WonderWhisper\ Mac-DebugDylibPath-normal-arm64.txt -Xlinker -sectcreate -Xlinker __TEXT -Xlinker __debug_instlnm -Xlinker /Users/danekapoor/Library/Developer/Xcode/DerivedData/WonderWhisper_Mac-fbedzewqdccmijhafdzjzmzuzdor/Build/Intermediates.noindex/WonderWhisper\ Mac.build/Debug/WonderWhisper\ Mac.build/WonderWhisper\ Mac-DebugDylibInstallName-normal-arm64.txt -Xlinker -filelist -Xlinker /Users/danekapoor/Library/Developer/Xcode/DerivedData/WonderWhisper_Mac-fbedzewqdccmijhafdzjzmzuzdor/Build/Intermediates.noindex/WonderWhisper\ Mac.build/Debug/WonderWhisper\ Mac.build/WonderWhisper\ Mac-ExecutorLinkFileList-normal-arm64.txt /Users/danekapoor/Library/Developer/Xcode/DerivedData/WonderWhisper_Mac-fbedzewqdccmijhafdzjzmzuzdor/Build/Products/Debug/WonderWhisper\ Mac.app/Contents/MacOS/WonderWhisper\ Mac.debug.dylib -Xlinker -no_adhoc_codesign -o /Users/danekapoor/Library/Developer/Xcode/DerivedData/WonderWhisper_Mac-fbedzewqdccmijhafdzjzmzuzdor/Build/Products/Debug/WonderWhisper\ Mac.app/Contents/MacOS/WonderWhisper\ Mac

CopySwiftLibs /Users/danekapoor/Library/Developer/Xcode/DerivedData/WonderWhisper_Mac-fbedzewqdccmijhafdzjzmzuzdor/Build/Products/Debug/WonderWhisper\ Mac.app (in target 'WonderWhisper Mac' from project 'WonderWhisper Mac')
    cd /Users/danekapoor/Development/WonderWhisper\ Mac/WonderWhisper\ Mac
    builtin-swiftStdLibTool --copy --verbose --sign BA34261FD74B6E4E7EC0D72033AEF7D7DA29D36F --scan-executable /Users/danekapoor/Library/Developer/Xcode/DerivedData/WonderWhisper_Mac-fbedzewqdccmijhafdzjzmzuzdor/Build/Products/Debug/WonderWhisper\ Mac.app/Contents/MacOS/WonderWhisper\ Mac.debug.dylib --scan-folder /Users/danekapoor/Library/Developer/Xcode/DerivedData/WonderWhisper_Mac-fbedzewqdccmijhafdzjzmzuzdor/Build/Products/Debug/WonderWhisper\ Mac.app/Contents/Frameworks --scan-folder /Users/danekapoor/Library/Developer/Xcode/DerivedData/WonderWhisper_Mac-fbedzewqdccmijhafdzjzmzuzdor/Build/Products/Debug/WonderWhisper\ Mac.app/Contents/PlugIns --scan-folder /Users/danekapoor/Library/Developer/Xcode/DerivedData/WonderWhisper_Mac-fbedzewqdccmijhafdzjzmzuzdor/Build/Products/Debug/WonderWhisper\ Mac.app/Contents/Library/SystemExtensions --scan-folder /Users/danekapoor/Library/Developer/Xcode/DerivedData/WonderWhisper_Mac-fbedzewqdccmijhafdzjzmzuzdor/Build/Products/Debug/WonderWhisper\ Mac.app/Contents/Extensions --platform macosx --toolchain /var/run/com.apple.security.cryptexd/mnt/com.apple.MobileAsset.MetalToolchain-v17.1.324.0.0OKaQV/Metal.xctoolchain --toolchain /Applications/Xcode.app/Contents/Developer/Toolchains/XcodeDefault.xctoolchain --destination /Users/danekapoor/Library/Developer/Xcode/DerivedData/WonderWhisper_Mac-fbedzewqdccmijhafdzjzmzuzdor/Build/Products/Debug/WonderWhisper\ Mac.app/Contents/Frameworks --strip-bitcode --strip-bitcode-tool /Applications/Xcode.app/Contents/Developer/Toolchains/XcodeDefault.xctoolchain/usr/bin/bitcode_strip --emit-dependency-info /Users/danekapoor/Library/Developer/Xcode/DerivedData/WonderWhisper_Mac-fbedzewqdccmijhafdzjzmzuzdor/Build/Intermediates.noindex/WonderWhisper\ Mac.build/Debug/WonderWhisper\ Mac.build/SwiftStdLibToolInputDependencies.dep --filter-for-swift-os --back-deploy-swift-span

ExtractAppIntentsMetadata (in target 'WonderWhisper Mac' from project 'WonderWhisper Mac')
    cd /Users/danekapoor/Development/WonderWhisper\ Mac/WonderWhisper\ Mac
    /Applications/Xcode.app/Contents/Developer/Toolchains/XcodeDefault.xctoolchain/usr/bin/appintentsmetadataprocessor --toolchain-dir /var/run/com.apple.security.cryptexd/mnt/com.apple.MobileAsset.MetalToolchain-v17.1.324.0.0OKaQV/Metal.xctoolchain --module-name WonderWhisper_Mac --sdk-root /Applications/Xcode.app/Contents/Developer/Platforms/MacOSX.platform/Developer/SDKs/MacOSX26.0.sdk --xcode-version 17A400 --platform-family macOS --deployment-target 15.5 --bundle-identifier com.slumdev88.wonderwhisper.WonderWhisper-Mac --output /Users/danekapoor/Library/Developer/Xcode/DerivedData/WonderWhisper_Mac-fbedzewqdccmijhafdzjzmzuzdor/Build/Products/Debug/WonderWhisper\ Mac.app/Contents/Resources --target-triple arm64-apple-macos15.5 --binary-file /Users/danekapoor/Library/Developer/Xcode/DerivedData/WonderWhisper_Mac-fbedzewqdccmijhafdzjzmzuzdor/Build/Products/Debug/WonderWhisper\ Mac.app/Contents/MacOS/WonderWhisper\ Mac --dependency-file /Users/danekapoor/Library/Developer/Xcode/DerivedData/WonderWhisper_Mac-fbedzewqdccmijhafdzjzmzuzdor/Build/Intermediates.noindex/WonderWhisper\ Mac.build/Debug/WonderWhisper\ Mac.build/Objects-normal/arm64/WonderWhisper\ Mac_dependency_info.dat --stringsdata-file /Users/danekapoor/Library/Developer/Xcode/DerivedData/WonderWhisper_Mac-fbedzewqdccmijhafdzjzmzuzdor/Build/Intermediates.noindex/WonderWhisper\ Mac.build/Debug/WonderWhisper\ Mac.build/Objects-normal/arm64/ExtractedAppShortcutsMetadata.stringsdata --source-file-list /Users/danekapoor/Library/Developer/Xcode/DerivedData/WonderWhisper_Mac-fbedzewqdccmijhafdzjzmzuzdor/Build/Intermediates.noindex/WonderWhisper\ Mac.build/Debug/WonderWhisper\ Mac.build/Objects-normal/arm64/WonderWhisper\ Mac.SwiftFileList --metadata-file-list /Users/danekapoor/Library/Developer/Xcode/DerivedData/WonderWhisper_Mac-fbedzewqdccmijhafdzjzmzuzdor/Build/Intermediates.noindex/WonderWhisper\ Mac.build/Debug/WonderWhisper\ Mac.build/WonderWhisper\ Mac.DependencyMetadataFileList --static-metadata-file-list /Users/danekapoor/Library/Developer/Xcode/DerivedData/WonderWhisper_Mac-fbedzewqdccmijhafdzjzmzuzdor/Build/Intermediates.noindex/WonderWhisper\ Mac.build/Debug/WonderWhisper\ Mac.build/WonderWhisper\ Mac.DependencyStaticMetadataFileList --swift-const-vals-list /Users/danekapoor/Library/Developer/Xcode/DerivedData/WonderWhisper_Mac-fbedzewqdccmijhafdzjzmzuzdor/Build/Intermediates.noindex/WonderWhisper\ Mac.build/Debug/WonderWhisper\ Mac.build/Objects-normal/arm64/WonderWhisper\ Mac.SwiftConstValuesFileList --compile-time-extraction --deployment-aware-processing --validate-assistant-intents --no-app-shortcuts-localization
2025-10-13 17:23:29.580 appintentsmetadataprocessor[17404:18617382] Starting appintentsmetadataprocessor export
2025-10-13 17:23:29.581 appintentsmetadataprocessor[17404:18617382] warning: Metadata extraction skipped. No AppIntents.framework dependency found.

CodeSign /Users/danekapoor/Library/Developer/Xcode/DerivedData/WonderWhisper_Mac-fbedzewqdccmijhafdzjzmzuzdor/Build/Products/Debug/WonderWhisper\ Mac.app/Contents/MacOS/WonderWhisper\ Mac.debug.dylib (in target 'WonderWhisper Mac' from project 'WonderWhisper Mac')
    cd /Users/danekapoor/Development/WonderWhisper\ Mac/WonderWhisper\ Mac
    
    Signing Identity:     "Apple Development: dane.kapoor@gmail.com (8BV7XWUY29)"
    
    /usr/bin/codesign --force --sign BA34261FD74B6E4E7EC0D72033AEF7D7DA29D36F -o runtime --timestamp\=none --generate-entitlement-der /Users/danekapoor/Library/Developer/Xcode/DerivedData/WonderWhisper_Mac-fbedzewqdccmijhafdzjzmzuzdor/Build/Products/Debug/WonderWhisper\ Mac.app/Contents/MacOS/WonderWhisper\ Mac.debug.dylib

CodeSign /Users/danekapoor/Library/Developer/Xcode/DerivedData/WonderWhisper_Mac-fbedzewqdccmijhafdzjzmzuzdor/Build/Products/Debug/WonderWhisper\ Mac.app/Contents/MacOS/__preview.dylib (in target 'WonderWhisper Mac' from project 'WonderWhisper Mac')
    cd /Users/danekapoor/Development/WonderWhisper\ Mac/WonderWhisper\ Mac
    
    Signing Identity:     "Apple Development: dane.kapoor@gmail.com (8BV7XWUY29)"
    
    /usr/bin/codesign --force --sign BA34261FD74B6E4E7EC0D72033AEF7D7DA29D36F -o runtime --timestamp\=none --generate-entitlement-der /Users/danekapoor/Library/Developer/Xcode/DerivedData/WonderWhisper_Mac-fbedzewqdccmijhafdzjzmzuzdor/Build/Products/Debug/WonderWhisper\ Mac.app/Contents/MacOS/__preview.dylib

CodeSign /Users/danekapoor/Library/Developer/Xcode/DerivedData/WonderWhisper_Mac-fbedzewqdccmijhafdzjzmzuzdor/Build/Products/Debug/WonderWhisper\ Mac.app (in target 'WonderWhisper Mac' from project 'WonderWhisper Mac')
    cd /Users/danekapoor/Development/WonderWhisper\ Mac/WonderWhisper\ Mac
    
    Signing Identity:     "Apple Development: dane.kapoor@gmail.com (8BV7XWUY29)"
    
    /usr/bin/codesign --force --sign BA34261FD74B6E4E7EC0D72033AEF7D7DA29D36F -o runtime --entitlements /Users/danekapoor/Library/Developer/Xcode/DerivedData/WonderWhisper_Mac-fbedzewqdccmijhafdzjzmzuzdor/Build/Intermediates.noindex/WonderWhisper\ Mac.build/Debug/WonderWhisper\ Mac.build/WonderWhisper\ Mac.app.xcent --timestamp\=none --generate-entitlement-der /Users/danekapoor/Library/Developer/Xcode/DerivedData/WonderWhisper_Mac-fbedzewqdccmijhafdzjzmzuzdor/Build/Products/Debug/WonderWhisper\ Mac.app

Validate /Users/danekapoor/Library/Developer/Xcode/DerivedData/WonderWhisper_Mac-fbedzewqdccmijhafdzjzmzuzdor/Build/Products/Debug/WonderWhisper\ Mac.app (in target 'WonderWhisper Mac' from project 'WonderWhisper Mac')
    cd /Users/danekapoor/Development/WonderWhisper\ Mac/WonderWhisper\ Mac
    builtin-validationUtility /Users/danekapoor/Library/Developer/Xcode/DerivedData/WonderWhisper_Mac-fbedzewqdccmijhafdzjzmzuzdor/Build/Products/Debug/WonderWhisper\ Mac.app -no-validate-extension -infoplist-subpath Contents/Info.plist

RegisterWithLaunchServices /Users/danekapoor/Library/Developer/Xcode/DerivedData/WonderWhisper_Mac-fbedzewqdccmijhafdzjzmzuzdor/Build/Products/Debug/WonderWhisper\ Mac.app (in target 'WonderWhisper Mac' from project 'WonderWhisper Mac')
    cd /Users/danekapoor/Development/WonderWhisper\ Mac/WonderWhisper\ Mac
    /System/Library/Frameworks/CoreServices.framework/Versions/Current/Frameworks/LaunchServices.framework/Versions/Current/Support/lsregister -f -R -trusted /Users/danekapoor/Library/Developer/Xcode/DerivedData/WonderWhisper_Mac-fbedzewqdccmijhafdzjzmzuzdor/Build/Products/Debug/WonderWhisper\ Mac.app

** BUILD SUCCEEDED **

