/Users/danekapoor/Development/WonderWhisper Mac/WonderWhisper Mac/WonderWhisper Mac/GroqHTTPClient.swift:96:13: warning: 'httpShouldUsePipelining' was deprecated in macOS 15.4: Only supported in the classic loader, please adopt HTTP/2 and HTTP/3 instead
        cfg.httpShouldUsePipelining = true
            ^
/Users/danekapoor/Development/WonderWhisper Mac/WonderWhisper Mac/WonderWhisper Mac/GroqHTTPClient.swift:113:13: warning: 'httpShouldUsePipelining' was deprecated in macOS 15.4: Only supported in the classic loader, please adopt HTTP/2 and HTTP/3 instead
        cfg.httpShouldUsePipelining = true
            ^
/Users/danekapoor/Development/WonderWhisper Mac/WonderWhisper Mac/WonderWhisper Mac/DictationViewModel.swift:155:13: warning: initialization of immutable value 'persistedVocabSpelling' was never used; consider replacing with assignment to '_' or removing it
        let persistedVocabSpelling = UserDefaults.standard.string(forKey: "vocab.spelling") ?? ""
        ~~~~^~~~~~~~~~~~~~~~~~~~~~
        _
/Users/danekapoor/Development/WonderWhisper Mac/WonderWhisper Mac/WonderWhisper Mac/DictationViewModel.swift:256:33: warning: main actor-isolated property 'isRecording' can not be referenced from a Sendable closure
            let isActive = self.isRecording || self.status == "Transcribing" || self.status == "Processing" || self.status == "Inserting"
                                ^
/Users/danekapoor/Development/WonderWhisper Mac/WonderWhisper Mac/WonderWhisper Mac/DictationViewModel.swift:26:20: note: property declared here
    @Published var isRecording: Bool = false { didSet { updateEscapeMonitor(isRecording: isRecording) } }
                   ^
/Users/danekapoor/Development/WonderWhisper Mac/WonderWhisper Mac/WonderWhisper Mac/DictationViewModel.swift:256:53: warning: main actor-isolated property 'status' can not be referenced from a nonisolated autoclosure
            let isActive = self.isRecording || self.status == "Transcribing" || self.status == "Processing" || self.status == "Inserting"
                                                    ^
/Users/danekapoor/Development/WonderWhisper Mac/WonderWhisper Mac/WonderWhisper Mac/DictationViewModel.swift:25:20: note: property declared here
    @Published var status: String = "Idle"
                   ^
/Users/danekapoor/Development/WonderWhisper Mac/WonderWhisper Mac/WonderWhisper Mac/DictationViewModel.swift:256:86: warning: main actor-isolated property 'status' can not be referenced from a nonisolated autoclosure
            let isActive = self.isRecording || self.status == "Transcribing" || self.status == "Processing" || self.status == "Inserting"
                                                                                     ^
/Users/danekapoor/Development/WonderWhisper Mac/WonderWhisper Mac/WonderWhisper Mac/DictationViewModel.swift:25:20: note: property declared here
    @Published var status: String = "Idle"
                   ^
/Users/danekapoor/Development/WonderWhisper Mac/WonderWhisper Mac/WonderWhisper Mac/DictationViewModel.swift:256:117: warning: main actor-isolated property 'status' can not be referenced from a nonisolated autoclosure
            let isActive = self.isRecording || self.status == "Transcribing" || self.status == "Processing" || self.status == "Inserting"
                                                                                                                    ^
/Users/danekapoor/Development/WonderWhisper Mac/WonderWhisper Mac/WonderWhisper Mac/DictationViewModel.swift:25:20: note: property declared here
    @Published var status: String = "Idle"
                   ^
/Users/danekapoor/Development/WonderWhisper Mac/WonderWhisper Mac/WonderWhisper Mac/DictationViewModel.swift:258:17: warning: main actor-isolated property 'idleSkipCounter' can not be mutated from a Sendable closure
                idleSkipCounter = (idleSkipCounter + 1) % 2 // ~2.5 Hz when idle
                ^
/Users/danekapoor/Development/WonderWhisper Mac/WonderWhisper Mac/WonderWhisper Mac/DictationViewModel.swift:105:17: note: mutation of this property is only permitted within the actor
    private var idleSkipCounter: Int = 0
                ^
/Users/danekapoor/Development/WonderWhisper Mac/WonderWhisper Mac/WonderWhisper Mac/DictationViewModel.swift:258:36: warning: main actor-isolated property 'idleSkipCounter' can not be referenced from a Sendable closure
                idleSkipCounter = (idleSkipCounter + 1) % 2 // ~2.5 Hz when idle
                                   ^
/Users/danekapoor/Development/WonderWhisper Mac/WonderWhisper Mac/WonderWhisper Mac/DictationViewModel.swift:105:17: note: property declared here
    private var idleSkipCounter: Int = 0
                ^
/Users/danekapoor/Development/WonderWhisper Mac/WonderWhisper Mac/WonderWhisper Mac/DictationViewModel.swift:259:20: warning: main actor-isolated property 'idleSkipCounter' can not be referenced from a Sendable closure
                if idleSkipCounter != 0 { return }
                   ^
/Users/danekapoor/Development/WonderWhisper Mac/WonderWhisper Mac/WonderWhisper Mac/DictationViewModel.swift:105:17: note: property declared here
    private var idleSkipCounter: Int = 0
                ^
/Users/danekapoor/Development/WonderWhisper Mac/WonderWhisper Mac/WonderWhisper Mac/DictationViewModel.swift:261:17: warning: main actor-isolated property 'idleSkipCounter' can not be mutated from a Sendable closure
                idleSkipCounter = 0
                ^
/Users/danekapoor/Development/WonderWhisper Mac/WonderWhisper Mac/WonderWhisper Mac/DictationViewModel.swift:105:17: note: mutation of this property is only permitted within the actor
    private var idleSkipCounter: Int = 0
                ^
/Users/danekapoor/Development/WonderWhisper Mac/WonderWhisper Mac/WonderWhisper Mac/SettingsPromptsView.swift:41:10: warning: 'onChange(of:perform:)' was deprecated in macOS 14.0: Use `onChange` with a two or zero parameter action closure instead.
        .onChange(of: vm.selectedPromptID) { newValue in
         ^
/Users/danekapoor/Development/WonderWhisper Mac/WonderWhisper Mac/WonderWhisper Mac/SettingsPromptsView.swift:256:19: warning: value 'startIndex' was defined but never used; consider replacing with boolean test
        guard let startIndex = dragStartIndex else { return }
              ~~~~^~~~~~~~~~~~~
                                              != nil
/Users/danekapoor/Development/WonderWhisper Mac/WonderWhisper Mac/WonderWhisper Mac/SettingsPromptsView.swift:438:10: warning: 'onChange(of:perform:)' was deprecated in macOS 14.0: Use `onChange` with a two or zero parameter action closure instead.
        .onChange(of: prompt) { newPrompt in
         ^
/Users/danekapoor/Development/WonderWhisper Mac/WonderWhisper Mac/WonderWhisper Mac/SettingsPromptsView.swift:446:10: warning: 'onChange(of:perform:)' was deprecated in macOS 14.0: Use `onChange` with a two or zero parameter action closure instead.
        .onChange(of: mode) { newMode in
         ^
/Users/danekapoor/Development/WonderWhisper Mac/WonderWhisper Mac/WonderWhisper Mac/SettingsPromptsView.swift:456:10: warning: 'onChange(of:perform:)' was deprecated in macOS 14.0: Use `onChange` with a two or zero parameter action closure instead.
        .onChange(of: selectionValue) { newValue in
         ^
/Users/danekapoor/Development/WonderWhisper Mac/WonderWhisper Mac/WonderWhisper Mac/SettingsPromptsView.swift:568:18: warning: 'onChange(of:perform:)' was deprecated in macOS 14.0: Use `onChange` with a two or zero parameter action closure instead.
                .onChange(of: isFieldFocused) { focused in
                 ^
/Users/danekapoor/Development/WonderWhisper Mac/WonderWhisper Mac/WonderWhisper Mac/SettingsPromptsView.swift:604:10: warning: 'onChange(of:perform:)' was deprecated in macOS 14.0: Use `onChange` with a two or zero parameter action closure instead.
        .onChange(of: prompt.llmModelOverride) { newValue in
         ^
/Users/danekapoor/Development/WonderWhisper Mac/WonderWhisper Mac/WonderWhisper Mac/SettingsPromptsView.swift:609:10: warning: 'onChange(of:perform:)' was deprecated in macOS 14.0: Use `onChange` with a two or zero parameter action closure instead.
        .onChange(of: prompt.llmProviderOverride) { newValue in
         ^
/Users/danekapoor/Development/WonderWhisper Mac/WonderWhisper Mac/WonderWhisper Mac/SettingsPromptsView.swift:614:10: warning: 'onChange(of:perform:)' was deprecated in macOS 14.0: Use `onChange` with a two or zero parameter action closure instead.
        .onChange(of: favorites) { _ in
         ^
/Users/danekapoor/Development/WonderWhisper Mac/WonderWhisper Mac/WonderWhisper Mac/SettingsPromptsView.swift:813:18: warning: 'onChange(of:perform:)' was deprecated in macOS 14.0: Use `onChange` with a two or zero parameter action closure instead.
                .onChange(of: screenChoice) { newValue in
                 ^
/Users/danekapoor/Development/WonderWhisper Mac/WonderWhisper Mac/WonderWhisper Mac/SettingsPromptsView.swift:842:18: warning: 'onChange(of:perform:)' was deprecated in macOS 14.0: Use `onChange` with a two or zero parameter action closure instead.
                .onChange(of: organizeChoice) { newValue in
                 ^
/Users/danekapoor/Development/WonderWhisper Mac/WonderWhisper Mac/WonderWhisper Mac/SettingsPromptsView.swift:845:18: warning: 'onChange(of:perform:)' was deprecated in macOS 14.0: Use `onChange` with a two or zero parameter action closure instead.
                .onChange(of: screenChoice) { newValue in
                 ^
/Users/danekapoor/Development/WonderWhisper Mac/WonderWhisper Mac/WonderWhisper Mac/SettingsPromptsView.swift:856:10: warning: 'onChange(of:perform:)' was deprecated in macOS 14.0: Use `onChange` with a two or zero parameter action closure instead.
        .onChange(of: prompt.screenContextOverride) { newValue in
         ^
/Users/danekapoor/Development/WonderWhisper Mac/WonderWhisper Mac/WonderWhisper Mac/SettingsPromptsView.swift:859:10: warning: 'onChange(of:perform:)' was deprecated in macOS 14.0: Use `onChange` with a two or zero parameter action closure instead.
        .onChange(of: prompt.organizeScreenContextOverride) { newValue in
         ^
/Users/danekapoor/Development/WonderWhisper Mac/WonderWhisper Mac/WonderWhisper Mac/SettingsModelsView.swift:243:10: warning: 'onChange(of:perform:)' was deprecated in macOS 14.0: Use `onChange` with a two or zero parameter action closure instead.
        .onChange(of: vm.llmProvider) { newValue in
         ^
/Users/danekapoor/Development/WonderWhisper Mac/WonderWhisper Mac/WonderWhisper Mac/SettingsVocabularyView.swift:49:14: warning: 'onChange(of:perform:)' was deprecated in macOS 14.0: Use `onChange` with a two or zero parameter action closure instead.
            .onChange(of: newEntry) { _ in duplicateWarning = nil }
             ^
/Users/danekapoor/Development/WonderWhisper Mac/WonderWhisper Mac/WonderWhisper Mac/SettingsVocabularyView.swift:103:14: warning: 'onChange(of:perform:)' was deprecated in macOS 14.0: Use `onChange` with a two or zero parameter action closure instead.
            .onChange(of: replaceSource) { _ in replacementWarning = nil }
             ^
/Users/danekapoor/Development/WonderWhisper Mac/WonderWhisper Mac/WonderWhisper Mac/SettingsVocabularyView.swift:109:14: warning: 'onChange(of:perform:)' was deprecated in macOS 14.0: Use `onChange` with a two or zero parameter action closure instead.
            .onChange(of: replaceTarget) { _ in replacementWarning = nil }
             ^
